Tue Aug 27 22:42:30 2024       
+-----------------------------------------------------------------------------+
| NVIDIA-SMI 525.105.17   Driver Version: 525.105.17   CUDA Version: 12.2     |
|-------------------------------+----------------------+----------------------+
| GPU  Name        Persistence-M| Bus-Id        Disp.A | Volatile Uncorr. ECC |
| Fan  Temp  Perf  Pwr:Usage/Cap|         Memory-Usage | GPU-Util  Compute M. |
|                               |                      |               MIG M. |
|===============================+======================+======================|
|   0  NVIDIA A100-SXM...  On   | 00000000:03:00.0 Off |                    0 |
| N/A   32C    P0    54W / 400W |      0MiB / 40960MiB |      0%      Default |
|                               |                      |             Disabled |
+-------------------------------+----------------------+----------------------+
|   1  NVIDIA A100-SXM...  On   | 00000000:41:00.0 Off |                    0 |
| N/A   30C    P0    50W / 400W |      0MiB / 40960MiB |      0%      Default |
|                               |                      |             Disabled |
+-------------------------------+----------------------+----------------------+
|   2  NVIDIA A100-SXM...  On   | 00000000:82:00.0 Off |                    0 |
| N/A   30C    P0    51W / 400W |      0MiB / 40960MiB |      0%      Default |
|                               |                      |             Disabled |
+-------------------------------+----------------------+----------------------+
|   3  NVIDIA A100-SXM...  On   | 00000000:C1:00.0 Off |                    0 |
| N/A   30C    P0    50W / 400W |      0MiB / 40960MiB |      0%      Default |
|                               |                      |             Disabled |
+-------------------------------+----------------------+----------------------+
                                                                               
+-----------------------------------------------------------------------------+
| Processes:                                                                  |
|  GPU   GI   CI        PID   Type   Process name                  GPU Memory |
|        ID   ID                                                   Usage      |
|=============================================================================|
|  No running processes found                                                 |
+-----------------------------------------------------------------------------+
WORLD_SIZE: 4, GLOBAL_RANK: 3
model initialized
Data Loaded
Dataloaders created
Local Rank: 3
Training starts
WORLD_SIZE: 4, GLOBAL_RANK: 2
model initialized
Data Loaded
Dataloaders created
Local Rank: 2
Training starts
WORLD_SIZE: 4, GLOBAL_RANK: 1
model initialized
Data Loaded
Dataloaders created
Local Rank: 1
Training starts
WORLD_SIZE: 4, GLOBAL_RANK: 0
model initialized
Data Loaded
Dataloaders created
Local Rank: 0
Training starts
Time taken for batch 0 is 7.369782209396362s
Time taken for batch 1 is 0.3331465721130371s
Time taken for batch 2 is 0.3154025077819824s
Time taken for batch 3 is 0.31044936180114746s
Time taken for batch 4 is 0.3127777576446533s
Time taken for batch 5 is 0.31357812881469727s
Time taken for batch 6 is 0.31367993354797363s
Time taken for batch 7 is 0.3106679916381836s
Time taken for batch 8 is 0.31324028968811035s
Time taken for batch 9 is 0.3121802806854248s
Time taken for batch 10 is 0.3112814426422119s
Time taken for batch 11 is 0.3100602626800537s
Time taken for batch 12 is 0.3123481273651123s
Time taken for batch 13 is 0.31479454040527344s
Time taken for batch 14 is 0.3128504753112793s
Time taken for batch 15 is 0.31261610984802246s
Time taken for batch 16 is 0.31307339668273926s
Time taken for batch 17 is 0.31407952308654785s
Time taken for batch 18 is 0.31215643882751465s
Time taken for batch 19 is 0.31241798400878906s
Time taken for batch 20 is 0.31230878829956055s
Time taken for batch 21 is 0.3133828639984131s
Time taken for batch 22 is 0.31215858459472656s
Time taken for batch 23 is 0.3134918212890625s
Time taken for batch 24 is 0.31285738945007324s
Time taken for batch 25 is 0.3128354549407959s
Time taken for batch 26 is 0.3119504451751709s
Time taken for batch 27 is 0.3141779899597168s
Time taken for batch 28 is 0.3141767978668213s
Time taken for batch 29 is 0.31195592880249023s
Time taken for batch 30 is 0.3118100166320801s
Time taken for batch 31 is 0.3139781951904297s
Time taken for batch 32 is 0.3138847351074219s
Time taken for batch 33 is 0.3132004737854004s
Time taken for batch 34 is 0.31276607513427734s
Time taken for batch 35 is 0.3140101432800293s
Time taken for batch 36 is 0.3141350746154785s
Time taken for batch 37 is 0.31298065185546875s
Time taken for batch 38 is 0.31232118606567383s
Time taken for batch 39 is 0.312579870223999s
Time taken for batch 40 is 0.3128330707550049s
Time taken for batch 41 is 0.31711816787719727s
Time taken for batch 42 is 0.3131296634674072s
Time taken for batch 43 is 0.31327009201049805s
Time taken for batch 44 is 0.313845157623291s
Time taken for batch 45 is 0.3160874843597412s
Time taken for batch 46 is 0.31215929985046387s
Time taken for batch 47 is 0.3133847713470459s
Time taken for batch 48 is 0.31296229362487793s
Time taken for batch 49 is 0.3165125846862793s
Time taken for batch 50 is 0.31249284744262695s
Time taken for batch 51 is 0.3122823238372803s
Time taken for batch 52 is 0.31447553634643555s
Time taken for batch 53 is 0.31593751907348633s
Time taken for batch 54 is 0.3130052089691162s
Time taken for batch 55 is 0.31142377853393555s
Time taken for batch 56 is 0.31415319442749023s
Time taken for batch 57 is 0.31392431259155273s
Time taken for batch 58 is 0.31179213523864746s
Time taken for batch 59 is 0.310779333114624s
Time taken for batch 60 is 0.31065917015075684s
Time taken for batch 61 is 0.3104360103607178s
Time taken for batch 62 is 0.3104276657104492s
Time taken for batch 63 is 0.31136274337768555s
Time taken for batch 64 is 0.31275486946105957s
Time taken for batch 65 is 0.3122594356536865s
Time taken for batch 66 is 0.4610443115234375s
Time taken for batch 67 is 0.3749063014984131s
Time taken for batch 68 is 0.31151866912841797s
Time taken for batch 69 is 0.4473307132720947s
Time taken for batch 70 is 0.6366758346557617s
Time taken for batch 71 is 0.3116912841796875s
Time taken for batch 72 is 0.31129002571105957s
Time taken for batch 73 is 0.47731709480285645s
Time taken for batch 74 is 0.5809056758880615s
Time taken for batch 75 is 0.42571282386779785s
Time taken for batch 76 is 0.3114163875579834s
Time taken for batch 77 is 0.8564953804016113s
Time taken for batch 78 is 0.7233643531799316s
Time taken for batch 79 is 0.36778759956359863s
Time taken for batch 80 is 0.3109278678894043s
Time taken for batch 81 is 0.557837724685669s
Time taken for batch 82 is 0.6875715255737305s
Time taken for batch 83 is 0.48743295669555664s
Time taken for batch 84 is 0.3111238479614258s
Time taken for batch 85 is 0.3880023956298828s
Time taken for batch 0 is 7.3444178104400635s
Time taken for batch 1 is 0.33045458793640137s
Time taken for batch 2 is 0.3116765022277832s
Time taken for batch 3 is 0.31065917015075684s
Time taken for batch 4 is 0.3126564025878906s
Time taken for batch 5 is 0.31350040435791016s
Time taken for batch 6 is 0.31364870071411133s
Time taken for batch 7 is 0.3132619857788086s
Time taken for batch 8 is 0.31038856506347656s
Time taken for batch 9 is 0.3126487731933594s
Time taken for batch 10 is 0.3110189437866211s
Time taken for batch 11 is 0.31024718284606934s
Time taken for batch 12 is 0.31221532821655273s
Time taken for batch 13 is 0.3147110939025879s
Time taken for batch 14 is 0.3134121894836426s
Time taken for batch 15 is 0.31235408782958984s
Time taken for batch 16 is 0.31328296661376953s
Time taken for batch 17 is 0.3139944076538086s
Time taken for batch 18 is 0.31186985969543457s
Time taken for batch 19 is 0.3124241828918457s
Time taken for batch 20 is 0.31237101554870605s
Time taken for batch 21 is 0.31339073181152344s
Time taken for batch 22 is 0.31216001510620117s
Time taken for batch 23 is 0.313997745513916s
Time taken for batch 24 is 0.31262755393981934s
Time taken for batch 25 is 0.3129725456237793s
Time taken for batch 26 is 0.31165528297424316s
Time taken for batch 27 is 0.3145310878753662s
Time taken for batch 28 is 0.31403636932373047s
Time taken for batch 29 is 0.31200075149536133s
Time taken for batch 30 is 0.31276535987854004s
Time taken for batch 31 is 0.3140273094177246s
Time taken for batch 32 is 0.3128702640533447s
Time taken for batch 33 is 0.31356310844421387s
Time taken for batch 34 is 0.312969446182251s
Time taken for batch 35 is 0.3125786781311035s
Time taken for batch 36 is 0.31545376777648926s
Time taken for batch 37 is 0.3122262954711914s
Time taken for batch 38 is 0.3121225833892822s
Time taken for batch 39 is 0.3132355213165283s
Time taken for batch 40 is 0.31254005432128906s
Time taken for batch 41 is 0.3173196315765381s
Time taken for batch 42 is 0.3124828338623047s
Time taken for batch 43 is 0.31386637687683105s
Time taken for batch 44 is 0.31337809562683105s
Time taken for batch 45 is 0.3175973892211914s
Time taken for batch 46 is 0.31096982955932617s
Time taken for batch 47 is 0.3135530948638916s
Time taken for batch 48 is 0.3140556812286377s
Time taken for batch 49 is 0.3155341148376465s
Time taken for batch 50 is 0.3121027946472168s
Time taken for batch 51 is 0.31325793266296387s
Time taken for batch 52 is 0.3146474361419678s
Time taken for batch 53 is 0.3160238265991211s
Time taken for batch 54 is 0.3132169246673584s
Time taken for batch 55 is 0.31104516983032227s
Time taken for batch 56 is 0.31365966796875s
Time taken for batch 57 is 0.3148951530456543s
Time taken for batch 58 is 0.3111436367034912s
Time taken for batch 59 is 0.3120112419128418s
Time taken for batch 60 is 0.3100917339324951s
Time taken for batch 61 is 0.31040096282958984s
Time taken for batch 62 is 0.3103299140930176s
Time taken for batch 63 is 0.3119680881500244s
Time taken for batch 64 is 0.3115956783294678s
Time taken for batch 65 is 0.31327295303344727s
Time taken for batch 66 is 0.4597022533416748s
Time taken for batch 67 is 0.31227612495422363s
Time taken for batch 68 is 0.31084108352661133s
Time taken for batch 69 is 0.7072153091430664s
Time taken for batch 70 is 0.6366817951202393s
Time taken for batch 71 is 0.3114612102508545s
Time taken for batch 72 is 0.31113600730895996s
Time taken for batch 73 is 0.6637639999389648s
Time taken for batch 74 is 0.582298755645752s
Time taken for batch 75 is 0.3110976219177246s
Time taken for batch 76 is 0.31100940704345703s
Time taken for batch 77 is 0.832233190536499s
Time taken for batch 78 is 0.5969905853271484s
Time taken for batch 79 is 0.3109776973724365s
Time taken for batch 80 is 0.31048083305358887s
Time taken for batch 81 is 0.3117501735687256s
Time taken for batch 82 is 0.6077542304992676s
Time taken for batch 83 is 0.3126513957977295s
Time taken for batch 84 is 0.31023478507995605s
Time taken for batch 85 is 0.311215877532959s
Time taken for batch 86 is 0.7203493118286133s
Time taken for batch 87 is 0.448498010635376s
Time taken for batch 88 is 0.35759663581848145s
Time taken for batch 89 is 0.31273365020751953s
Time taken for batch 90 is 0.6204516887664795s
Time taken for batch 91 is 0.4738280773162842s
Time taken for batch 92 is 0.3114607334136963s
Time taken for batch 93 is 0.312957763671875s
Time taken for batch 94 is 0.5186309814453125s
Time taken for batch 95 is 0.3125874996185303s
Time taken for batch 96 is 0.3122670650482178s
Time taken for batch 97 is 0.3125789165496826s
Time taken for batch 98 is 0.6067135334014893s
Time taken for batch 99 is 0.31180858612060547s
Time taken for batch 100 is 0.310863733291626s
Time taken for batch 101 is 0.3127424716949463s
Time taken for batch 102 is 0.8448073863983154s
Time taken for batch 103 is 0.31089091300964355s
Time taken for batch 104 is 0.3110926151275635s
Time taken for batch 105 is 0.31178879737854004s
Time taken for batch 106 is 0.8201704025268555s
Time taken for batch 107 is 0.31108927726745605s
Time taken for batch 108 is 0.31012630462646484s
Time taken for batch 109 is 0.3119626045227051s
Time taken for batch 110 is 0.9789841175079346s
Time taken for batch 111 is 0.31048583984375s
Time taken for batch 112 is 0.31224727630615234s
Time taken for batch 113 is 0.3120272159576416s
Time taken for batch 114 is 0.892369270324707s
Time taken for batch 115 is 0.3104839324951172s
Time taken for batch 116 is 0.31199121475219727s
Time taken for batch 117 is 0.3121781349182129s
Time taken for batch 118 is 0.7930855751037598s
Time taken for batch 119 is 0.3106062412261963s
Time taken for batch 120 is 0.31102657318115234s
Time taken for batch 121 is 0.3497617244720459s
Time taken for batch 122 is 0.8049466609954834s
Time taken for batch 123 is 0.31117892265319824s
Time taken for batch 124 is 0.31191563606262207s
Time taken for batch 125 is 0.31259679794311523s
Time taken for batch 126 is 0.6980257034301758s
Time taken for batch 127 is 0.3118457794189453s
Time taken for batch 128 is 0.3125419616699219s
Time taken for batch 129 is 0.3254110813140869s
Time taken for batch 130 is 0.8386740684509277s
Time taken for batch 131 is 0.31561899185180664s
Time taken for batch 132 is 0.3112959861755371s
Time taken for batch 133 is 0.40224528312683105s
Time taken for batch 134 is 0.6943283081054688s
Time taken for batch 135 is 0.31308913230895996s
Time taken for batch 136 is 0.3122141361236572s
Time taken for batch 137 is 0.3125941753387451s
Time taken for batch 138 is 1.190049409866333s
Time taken for batch 139 is 0.31079959869384766s
Time taken for batch 140 is 0.7319462299346924s
Time taken for batch 141 is 0.3120908737182617s
Time taken for batch 142 is 0.5176811218261719s
Time taken for batch 143 is 0.3129312992095947s
Time taken for batch 144 is 0.3118619918823242s
Time taken for batch 145 is 0.3121984004974365s
Time taken for batch 146 is 0.31220245361328125s
Time taken for batch 147 is 0.3122231960296631s
Time taken for batch 148 is 0.6579060554504395s
Time taken for batch 149 is 0.31160688400268555s
Time taken for batch 150 is 0.31090712547302246s
Time taken for batch 151 is 0.4210784435272217s
Time taken for batch 152 is 0.5643491744995117s
Time taken for batch 153 is 0.3120381832122803s
Time taken for batch 154 is 0.3109908103942871s
Time taken for batch 155 is 0.42719340324401855s
Time taken for batch 156 is 0.5602970123291016s
Time taken for batch 157 is 0.3118767738342285s
Time taken for batch 158 is 0.31119275093078613s
Time taken for batch 159 is 0.8287520408630371s
Time taken for batch 160 is 0.31208276748657227s
Time taken for batch 161 is 0.3123922348022461s
Time taken for batch 162 is 0.31171393394470215s
Time taken for batch 163 is 0.8023080825805664s
Time taken for batch 164 is 0.3124673366546631s
Time taken for batch 165 is 0.31223583221435547s
Time taken for batch 166 is 0.3116648197174072s
Time taken for batch 167 is 1.107442855834961s
Time taken for batch 168 is 0.313335657119751s
Time taken for batch 169 is 0.5284581184387207s
Time taken for batch 170 is 0.31186747550964355s
Time taken for batch 0 is 7.377926826477051s
Time taken for batch 1 is 0.3235588073730469s
Time taken for batch 2 is 0.3156287670135498s
Time taken for batch 3 is 0.31121110916137695s
Time taken for batch 4 is 0.3115229606628418s
Time taken for batch 5 is 0.31410646438598633s
Time taken for batch 6 is 0.31408262252807617s
Time taken for batch 7 is 0.3105792999267578s
Time taken for batch 8 is 0.31316614151000977s
Time taken for batch 9 is 0.31218624114990234s
Time taken for batch 10 is 0.3113901615142822s
Time taken for batch 11 is 0.3100132942199707s
Time taken for batch 12 is 0.312147855758667s
Time taken for batch 13 is 0.31526780128479004s
Time taken for batch 14 is 0.31276655197143555s
Time taken for batch 15 is 0.3126201629638672s
Time taken for batch 16 is 0.31269168853759766s
Time taken for batch 17 is 0.3146331310272217s
Time taken for batch 18 is 0.3116734027862549s
Time taken for batch 19 is 0.31233692169189453s
Time taken for batch 20 is 0.3128013610839844s
Time taken for batch 21 is 0.313173770904541s
Time taken for batch 22 is 0.31209731101989746s
Time taken for batch 23 is 0.31351566314697266s
Time taken for batch 24 is 0.3129885196685791s
Time taken for batch 25 is 0.3131556510925293s
Time taken for batch 26 is 0.31125974655151367s
Time taken for batch 27 is 0.31424689292907715s
Time taken for batch 28 is 0.31409168243408203s
Time taken for batch 29 is 0.31188488006591797s
Time taken for batch 30 is 0.3124549388885498s
Time taken for batch 31 is 0.313831090927124s
Time taken for batch 32 is 0.3138468265533447s
Time taken for batch 33 is 0.31293749809265137s
Time taken for batch 34 is 0.31319355964660645s
Time taken for batch 35 is 0.31310534477233887s
Time taken for batch 36 is 0.3146960735321045s
Time taken for batch 37 is 0.31197452545166016s
Time taken for batch 38 is 0.31273436546325684s
Time taken for batch 39 is 0.31279420852661133s
Time taken for batch 40 is 0.31340861320495605s
Time taken for batch 41 is 0.3164486885070801s
Time taken for batch 42 is 0.31278276443481445s
Time taken for batch 43 is 0.313295841217041s
Time taken for batch 44 is 0.3138105869293213s
Time taken for batch 45 is 0.3166317939758301s
Time taken for batch 46 is 0.3117232322692871s
Time taken for batch 47 is 0.31285643577575684s
Time taken for batch 48 is 0.3140854835510254s
Time taken for batch 49 is 0.3154740333557129s
Time taken for batch 50 is 0.31255245208740234s
Time taken for batch 51 is 0.3122999668121338s
Time taken for batch 52 is 0.31435060501098633s
Time taken for batch 53 is 0.3157229423522949s
Time taken for batch 54 is 0.3129119873046875s
Time taken for batch 55 is 0.31255531311035156s
Time taken for batch 56 is 0.31295132637023926s
Time taken for batch 57 is 0.313978910446167s
Time taken for batch 58 is 0.31160402297973633s
Time taken for batch 59 is 0.3110315799713135s
Time taken for batch 60 is 0.31050586700439453s
Time taken for batch 61 is 0.31049418449401855s
Time taken for batch 62 is 0.31018733978271484s
Time taken for batch 63 is 0.311892032623291s
Time taken for batch 64 is 0.31174731254577637s
Time taken for batch 65 is 0.31224584579467773s
Time taken for batch 66 is 0.3122580051422119s
Time taken for batch 67 is 0.3756864070892334s
Time taken for batch 68 is 0.3109126091003418s
Time taken for batch 69 is 0.6313214302062988s
Time taken for batch 70 is 0.31435084342956543s
Time taken for batch 71 is 0.31188249588012695s
Time taken for batch 72 is 0.31061887741088867s
Time taken for batch 73 is 0.7361965179443359s
Time taken for batch 74 is 0.3154611587524414s
Time taken for batch 75 is 0.417525053024292s
Time taken for batch 76 is 0.31069207191467285s
Time taken for batch 77 is 0.3502523899078369s
Time taken for batch 78 is 0.31171202659606934s
Time taken for batch 79 is 0.3685123920440674s
Time taken for batch 80 is 0.3101987838745117s
Time taken for batch 81 is 0.37833738327026367s
Time taken for batch 82 is 0.3118138313293457s
Time taken for batch 83 is 0.4881911277770996s
Time taken for batch 84 is 0.31046485900878906s
Time taken for batch 85 is 0.31434106826782227s
Time taken for batch 86 is 0.6422040462493896s
Time taken for batch 87 is 0.31086111068725586s
Time taken for batch 88 is 0.31092119216918945s
Time taken for batch 89 is 0.6925108432769775s
Time taken for batch 90 is 0.620128870010376s
Time taken for batch 91 is 0.31255078315734863s
Time taken for batch 92 is 0.31101489067077637s
Time taken for batch 93 is 0.9205262660980225s
Time taken for batch 94 is 0.5193161964416504s
Time taken for batch 95 is 0.31252050399780273s
Time taken for batch 96 is 0.3109912872314453s
Time taken for batch 97 is 1.1127955913543701s
Time taken for batch 98 is 0.6068720817565918s
Time taken for batch 99 is 0.3105323314666748s
Time taken for batch 100 is 0.31241941452026367s
Time taken for batch 101 is 0.9896819591522217s
Time taken for batch 102 is 0.8444390296936035s
Time taken for batch 103 is 0.3111915588378906s
Time taken for batch 104 is 0.3112375736236572s
Time taken for batch 105 is 0.8505868911743164s
Time taken for batch 106 is 0.8196048736572266s
Time taken for batch 107 is 0.3112947940826416s
Time taken for batch 108 is 0.3106698989868164s
Time taken for batch 109 is 0.7364463806152344s
Time taken for batch 110 is 0.9786145687103271s
Time taken for batch 111 is 0.31095004081726074s
Time taken for batch 112 is 0.3115060329437256s
Time taken for batch 113 is 0.46038365364074707s
Time taken for batch 114 is 0.891913890838623s
Time taken for batch 115 is 0.310819149017334s
Time taken for batch 116 is 0.3121356964111328s
Time taken for batch 117 is 0.7033326625823975s
Time taken for batch 118 is 0.7928180694580078s
Time taken for batch 119 is 0.3109931945800781s
Time taken for batch 120 is 0.3108029365539551s
Time taken for batch 121 is 0.31232643127441406s
Time taken for batch 122 is 0.804879903793335s
Time taken for batch 123 is 0.31151509284973145s
Time taken for batch 124 is 0.3112027645111084s
Time taken for batch 125 is 0.5319547653198242s
Time taken for batch 126 is 0.6978390216827393s
Time taken for batch 127 is 0.312605619430542s
Time taken for batch 128 is 0.3112480640411377s
Time taken for batch 129 is 0.3109912872314453s
Time taken for batch 130 is 0.8386828899383545s
Time taken for batch 131 is 0.3148665428161621s
Time taken for batch 132 is 0.31122374534606934s
Time taken for batch 133 is 0.31119751930236816s
Time taken for batch 134 is 0.6943752765655518s
Time taken for batch 135 is 0.3140277862548828s
Time taken for batch 136 is 0.3109109401702881s
Time taken for batch 137 is 0.36433887481689453s
Time taken for batch 138 is 1.1902759075164795s
Time taken for batch 139 is 0.31075286865234375s
Time taken for batch 140 is 0.31155872344970703s
Time taken for batch 141 is 0.5333271026611328s
Time taken for batch 142 is 0.5182693004608154s
Time taken for batch 143 is 0.31232452392578125s
Time taken for batch 144 is 0.3119544982910156s
Time taken for batch 145 is 0.7824118137359619s
Time taken for batch 146 is 0.3128645420074463s
Time taken for batch 147 is 0.31160902976989746s
Time taken for batch 148 is 0.31244373321533203s
Time taken for batch 149 is 0.736520528793335s
Time taken for batch 150 is 0.31073760986328125s
Time taken for batch 151 is 0.31217265129089355s
Time taken for batch 152 is 0.31209349632263184s
Time taken for batch 153 is 0.6549794673919678s
Time taken for batch 154 is 0.3107643127441406s
Time taken for batch 155 is 0.31046366691589355s
Time taken for batch 156 is 0.3113288879394531s
Time taken for batch 157 is 0.5997259616851807s
Time taken for batch 158 is 0.31133127212524414s
Time taken for batch 159 is 0.31483983993530273s
Time taken for batch 160 is 0.31205201148986816s
Time taken for batch 161 is 0.5284297466278076s
Time taken for batch 162 is 0.3113670349121094s
Time taken for batch 163 is 0.31293630599975586s
Time taken for batch 164 is 0.3135099411010742s
Time taken for batch 165 is 0.3814854621887207s
Time taken for batch 166 is 0.31215977668762207s
Time taken for batch 167 is 0.3121907711029053s
Time taken for batch 168 is 0.3133528232574463s
Time taken for batch 169 is 0.31226491928100586s
Time taken for batch 170 is 0.312286376953125s
Time taken for batch 86 is 0.31236910820007324s
Time taken for batch 87 is 0.4482579231262207s
Time taken for batch 88 is 0.3445582389831543s
Time taken for batch 89 is 0.5395195484161377s
Time taken for batch 90 is 0.3116183280944824s
Time taken for batch 91 is 0.474745512008667s
Time taken for batch 92 is 0.31075406074523926s
Time taken for batch 93 is 0.6754820346832275s
Time taken for batch 94 is 0.31119847297668457s
Time taken for batch 95 is 0.3128540515899658s
Time taken for batch 96 is 0.31101536750793457s
Time taken for batch 97 is 0.9607763290405273s
Time taken for batch 98 is 0.31336188316345215s
Time taken for batch 99 is 0.3112828731536865s
Time taken for batch 100 is 0.31121015548706055s
Time taken for batch 101 is 0.941474199295044s
Time taken for batch 102 is 0.31244492530822754s
Time taken for batch 103 is 0.31142735481262207s
Time taken for batch 104 is 0.31063055992126465s
Time taken for batch 105 is 0.8510723114013672s
Time taken for batch 106 is 0.31194162368774414s
Time taken for batch 107 is 0.31125664710998535s
Time taken for batch 108 is 0.3100471496582031s
Time taken for batch 109 is 0.7368831634521484s
Time taken for batch 110 is 0.31130170822143555s
Time taken for batch 111 is 0.31096434593200684s
Time taken for batch 112 is 0.3117034435272217s
Time taken for batch 113 is 0.46090030670166016s
Time taken for batch 114 is 0.3116745948791504s
Time taken for batch 115 is 0.3110802173614502s
Time taken for batch 116 is 0.3108813762664795s
Time taken for batch 117 is 0.7103779315948486s
Time taken for batch 118 is 0.31181979179382324s
Time taken for batch 119 is 0.3113877773284912s
Time taken for batch 120 is 0.3100903034210205s
Time taken for batch 121 is 0.7918100357055664s
Time taken for batch 122 is 0.3120865821838379s
Time taken for batch 123 is 0.311326265335083s
Time taken for batch 124 is 0.31162571907043457s
Time taken for batch 125 is 0.8241040706634521s
Time taken for batch 126 is 0.3116915225982666s
Time taken for batch 127 is 0.3121340274810791s
Time taken for batch 128 is 0.3120002746582031s
Time taken for batch 129 is 0.4633321762084961s
Time taken for batch 130 is 0.3123323917388916s
Time taken for batch 131 is 0.3147871494293213s
Time taken for batch 132 is 0.31151890754699707s
Time taken for batch 133 is 0.6360993385314941s
Time taken for batch 134 is 0.3121635913848877s
Time taken for batch 135 is 0.31252026557922363s
Time taken for batch 136 is 0.31243371963500977s
Time taken for batch 137 is 0.582430362701416s
Time taken for batch 138 is 0.310532808303833s
Time taken for batch 139 is 0.31140780448913574s
Time taken for batch 140 is 0.7310841083526611s
Time taken for batch 141 is 0.8225283622741699s
Time taken for batch 142 is 0.31134462356567383s
Time taken for batch 143 is 0.3122584819793701s
Time taken for batch 144 is 0.31178784370422363s
Time taken for batch 145 is 0.9295749664306641s
Time taken for batch 146 is 0.31212711334228516s
Time taken for batch 147 is 0.31223535537719727s
Time taken for batch 148 is 0.6568012237548828s
Time taken for batch 149 is 0.9029006958007812s
Time taken for batch 150 is 0.31057167053222656s
Time taken for batch 151 is 0.42147088050842285s
Time taken for batch 152 is 0.5633745193481445s
Time taken for batch 153 is 0.7946224212646484s
Time taken for batch 154 is 0.310619592666626s
Time taken for batch 155 is 0.42724132537841797s
Time taken for batch 156 is 0.45885801315307617s
Time taken for batch 157 is 0.7530708312988281s
Time taken for batch 158 is 0.3109445571899414s
Time taken for batch 159 is 0.8285543918609619s
Time taken for batch 160 is 0.31223034858703613s
Time taken for batch 161 is 0.7477140426635742s
Time taken for batch 162 is 0.3114309310913086s
Time taken for batch 163 is 0.802229642868042s
Time taken for batch 164 is 0.31252503395080566s
Time taken for batch 165 is 0.4752790927886963s
Time taken for batch 166 is 0.3119657039642334s
Time taken for batch 167 is 1.1075143814086914s
Time taken for batch 168 is 0.3129558563232422s
Time taken for batch 169 is 0.8052890300750732s
Time taken for batch 170 is 0.31188297271728516s
Time taken for batch 0 is 5.070133209228516s
Time taken for batch 1 is 0.4995741844177246s
Time taken for batch 2 is 0.3175172805786133s
Time taken for batch 3 is 0.31033873558044434s
Time taken for batch 4 is 0.31224560737609863s
Time taken for batch 5 is 0.31349682807922363s
Time taken for batch 6 is 0.31354475021362305s
Time taken for batch 7 is 0.31066083908081055s
Time taken for batch 8 is 0.31280088424682617s
Time taken for batch 9 is 0.3128490447998047s
Time taken for batch 10 is 0.3101954460144043s
Time taken for batch 11 is 0.3102548122406006s
Time taken for batch 12 is 0.312056303024292s
Time taken for batch 13 is 0.3147857189178467s
Time taken for batch 14 is 0.31296801567077637s
Time taken for batch 15 is 0.3123800754547119s
Time taken for batch 16 is 0.31282830238342285s
Time taken for batch 17 is 0.313845157623291s
Time taken for batch 18 is 0.31162333488464355s
Time taken for batch 19 is 0.3123781681060791s
Time taken for batch 20 is 0.3122978210449219s
Time taken for batch 21 is 0.31308746337890625s
Time taken for batch 22 is 0.3123741149902344s
Time taken for batch 23 is 0.31333303451538086s
Time taken for batch 24 is 0.3123009204864502s
Time taken for batch 25 is 0.31349921226501465s
Time taken for batch 26 is 0.3109879493713379s
Time taken for batch 27 is 0.3146336078643799s
Time taken for batch 28 is 0.3140535354614258s
Time taken for batch 29 is 0.31127500534057617s
Time taken for batch 30 is 0.31221771240234375s
Time taken for batch 31 is 0.31406688690185547s
Time taken for batch 32 is 0.3136312961578369s
Time taken for batch 33 is 0.3127598762512207s
Time taken for batch 34 is 0.312957763671875s
Time taken for batch 35 is 0.3129706382751465s
Time taken for batch 36 is 0.31459856033325195s
Time taken for batch 37 is 0.3122060298919678s
Time taken for batch 38 is 0.3114926815032959s
Time taken for batch 39 is 0.3134887218475342s
Time taken for batch 40 is 0.31257104873657227s
Time taken for batch 41 is 0.31663036346435547s
Time taken for batch 42 is 0.3125286102294922s
Time taken for batch 43 is 0.3134181499481201s
Time taken for batch 44 is 0.31400156021118164s
Time taken for batch 45 is 0.3158543109893799s
Time taken for batch 46 is 0.3123795986175537s
Time taken for batch 47 is 0.3131847381591797s
Time taken for batch 48 is 0.31266355514526367s
Time taken for batch 49 is 0.31600427627563477s
Time taken for batch 50 is 0.3123044967651367s
Time taken for batch 51 is 0.3122563362121582s
Time taken for batch 52 is 0.31443357467651367s
Time taken for batch 53 is 0.31594347953796387s
Time taken for batch 54 is 0.31275343894958496s
Time taken for batch 55 is 0.3115119934082031s
Time taken for batch 56 is 0.3136897087097168s
Time taken for batch 57 is 0.31362009048461914s
Time taken for batch 58 is 0.31185460090637207s
Time taken for batch 59 is 0.3106648921966553s
Time taken for batch 60 is 0.310321569442749s
Time taken for batch 61 is 0.3103656768798828s
Time taken for batch 62 is 0.31015491485595703s
Time taken for batch 63 is 0.3119528293609619s
Time taken for batch 64 is 0.31123781204223633s
Time taken for batch 65 is 0.31253552436828613s
Time taken for batch 66 is 0.46083927154541016s
Time taken for batch 67 is 0.3748359680175781s
Time taken for batch 68 is 0.3113405704498291s
Time taken for batch 69 is 0.31188035011291504s
Time taken for batch 70 is 0.6363265514373779s
Time taken for batch 71 is 0.3115270137786865s
Time taken for batch 72 is 0.3111579418182373s
Time taken for batch 73 is 0.3116326332092285s
Time taken for batch 74 is 0.5804798603057861s
Time taken for batch 75 is 0.425551176071167s
Time taken for batch 76 is 0.31118059158325195s
Time taken for batch 77 is 0.31249499320983887s
Time taken for batch 78 is 0.7227702140808105s
Time taken for batch 79 is 0.3677070140838623s
Time taken for batch 80 is 0.3106522560119629s
Time taken for batch 81 is 0.4128990173339844s
Time taken for batch 82 is 0.6872234344482422s
Time taken for batch 83 is 0.4875311851501465s
Time taken for batch 84 is 0.31088781356811523s
Time taken for batch 85 is 0.4124791622161865s
Time taken for batch 86 is 0.47073864936828613s
Time taken for batch 87 is 0.4485743045806885s
Time taken for batch 88 is 0.35749340057373047s
Time taken for batch 89 is 0.7726457118988037s
Time taken for batch 90 is 0.39554572105407715s
Time taken for batch 91 is 0.4741971492767334s
Time taken for batch 92 is 0.3114345073699951s
Time taken for batch 93 is 1.2572157382965088s
Time taken for batch 94 is 0.5183775424957275s
Time taken for batch 95 is 0.31252408027648926s
Time taken for batch 96 is 0.3121461868286133s
Time taken for batch 97 is 1.292328119277954s
Time taken for batch 98 is 0.6061737537384033s
Time taken for batch 99 is 0.31192612648010254s
Time taken for batch 100 is 0.310408353805542s
Time taken for batch 101 is 0.9904747009277344s
Time taken for batch 102 is 0.8444080352783203s
Time taken for batch 103 is 0.3109867572784424s
Time taken for batch 104 is 0.3107726573944092s
Time taken for batch 105 is 0.8509163856506348s
Time taken for batch 106 is 0.8194904327392578s
Time taken for batch 107 is 0.3112316131591797s
Time taken for batch 108 is 0.3099515438079834s
Time taken for batch 109 is 0.737018346786499s
Time taken for batch 110 is 0.9783451557159424s
Time taken for batch 111 is 0.31067776679992676s
Time taken for batch 112 is 0.3120596408843994s
Time taken for batch 113 is 0.4599628448486328s
Time taken for batch 114 is 0.8915069103240967s
Time taken for batch 115 is 0.3104367256164551s
Time taken for batch 116 is 0.31107211112976074s
Time taken for batch 117 is 0.7106633186340332s
Time taken for batch 118 is 0.792611837387085s
Time taken for batch 119 is 0.3108253479003906s
Time taken for batch 120 is 0.310255765914917s
Time taken for batch 121 is 0.7916529178619385s
Time taken for batch 122 is 0.8045217990875244s
Time taken for batch 123 is 0.31105947494506836s
Time taken for batch 124 is 0.3119361400604248s
Time taken for batch 125 is 0.823246955871582s
Time taken for batch 126 is 0.697509765625s
Time taken for batch 127 is 0.3123586177825928s
Time taken for batch 128 is 0.31165099143981934s
Time taken for batch 129 is 0.4625687599182129s
Time taken for batch 130 is 0.8384974002838135s
Time taken for batch 131 is 0.3151707649230957s
Time taken for batch 132 is 0.31190013885498047s
Time taken for batch 133 is 0.6354126930236816s
Time taken for batch 134 is 0.6939241886138916s
Time taken for batch 135 is 0.3122062683105469s
Time taken for batch 136 is 0.3129732608795166s
Time taken for batch 137 is 0.5819931030273438s
Time taken for batch 138 is 1.1890294551849365s
Time taken for batch 139 is 0.31175923347473145s
Time taken for batch 140 is 0.7307512760162354s
Time taken for batch 141 is 0.8208773136138916s
Time taken for batch 142 is 0.5178961753845215s
Time taken for batch 143 is 0.31235766410827637s
Time taken for batch 144 is 0.31133055686950684s
Time taken for batch 145 is 0.9291527271270752s
Time taken for batch 146 is 0.31284642219543457s
Time taken for batch 147 is 0.31103515625s
Time taken for batch 148 is 0.6581788063049316s
Time taken for batch 149 is 0.9015400409698486s
Time taken for batch 150 is 0.3101673126220703s
Time taken for batch 151 is 0.42134618759155273s
Time taken for batch 152 is 0.5639688968658447s
Time taken for batch 153 is 0.7932531833648682s
Time taken for batch 154 is 0.31122279167175293s
Time taken for batch 155 is 0.4262418746948242s
Time taken for batch 156 is 0.5598793029785156s
Time taken for batch 157 is 0.752467155456543s
Time taken for batch 158 is 0.3109557628631592s
Time taken for batch 159 is 0.8283822536468506s
Time taken for batch 160 is 0.3126380443572998s
Time taken for batch 161 is 0.7467923164367676s
Time taken for batch 162 is 0.311908483505249s
Time taken for batch 163 is 0.8015265464782715s
Time taken for batch 164 is 0.31279468536376953s
Time taken for batch 165 is 0.4738938808441162s
Time taken for batch 166 is 0.31239771842956543s
Time taken for batch 167 is 1.1077628135681152s
Time taken for batch 168 is 0.31334710121154785s
Time taken for batch 169 is 0.8045082092285156s
Time taken for batch 170 is 0.31250786781311035s
Time taken for batch 171 is 0.5075223445892334s
Time taken for batch 171 is 0.5087165832519531s
Time taken for batch 172 is 0.31288599967956543s
Time taken for batch 173 is 0.768714189529419s
Time taken for batch 174 is 0.3134479522705078s
Time taken for batch 175 is 0.39211535453796387s
Time taken for batch 176 is 0.31293272972106934s
Time taken for batch 177 is 1.097571849822998s
Time taken for batch 178 is 0.3118722438812256s
Time taken for batch 179 is 0.31282949447631836s
Time taken for batch 180 is 0.313018798828125s
Time taken for batch 181 is 0.949988603591919s
Time taken for batch 182 is 0.312269926071167s
Time taken for batch 183 is 0.6518688201904297s
Time taken for batch 184 is 0.31175684928894043s
Time taken for batch 185 is 0.7713840007781982s
Time taken for batch 186 is 0.3113853931427002s
Time taken for batch 187 is 0.8741805553436279s
Time taken for batch 188 is 0.313079833984375s
Time taken for batch 189 is 0.5182168483734131s
Time taken for batch 190 is 0.3124377727508545s
Time taken for batch 191 is 0.6103143692016602s
Time taken for batch 192 is 0.3128218650817871s
Time taken for batch 193 is 0.3326547145843506s
Time taken for batch 194 is 0.3125193119049072s
Time taken for batch 195 is 0.9416582584381104s
Time taken for batch 196 is 0.3103830814361572s
Time taken for batch 197 is 0.3132336139678955s
Time taken for batch 198 is 0.31371617317199707s
Time taken for batch 199 is 0.6511223316192627s
Time taken for batch 200 is 0.31255292892456055s
Time taken for batch 201 is 0.3126986026763916s
Time taken for batch 202 is 0.3126976490020752s
Time taken for batch 203 is 0.3259711265563965s
Time taken for batch 204 is 0.3127403259277344s
Time taken for batch 205 is 0.3144364356994629s
Time taken for batch 206 is 0.313417911529541s
Time taken for batch 207 is 0.3121316432952881s
Time taken for batch 208 is 0.3124997615814209s
Time taken for batch 209 is 0.3137187957763672s
Time taken for batch 210 is 0.31284093856811523s
Time taken for batch 211 is 0.3114738464355469s
Time taken for batch 212 is 0.3129699230194092s
Time taken for batch 213 is 0.3132460117340088s
Time taken for batch 214 is 0.3122904300689697s
Time taken for batch 215 is 0.3112671375274658s
Time taken for batch 216 is 0.3105897903442383s
Time taken for batch 217 is 0.31287598609924316s
Time taken for batch 218 is 0.31317591667175293s
Time taken for batch 219 is 0.31195688247680664s
Time taken for batch 220 is 0.3134346008300781s
Time taken for batch 221 is 0.31288862228393555s
Time taken for batch 222 is 0.3119931221008301s
Time taken for batch 223 is 0.31191015243530273s
Time taken for batch 224 is 0.3128948211669922s
Time taken for batch 225 is 0.31301283836364746s
Time taken for batch 226 is 0.31154751777648926s
Time taken for batch 227 is 0.3120081424713135s
Time taken for batch 228 is 0.31214284896850586s
Time taken for batch 229 is 0.3130757808685303s
Time taken for batch 230 is 0.31305909156799316s
Time taken for batch 231 is 0.3110363483428955s
Time taken for batch 232 is 0.3111128807067871s
Time taken for batch 233 is 0.3138580322265625s
Time taken for batch 234 is 0.31216883659362793s
Time taken for batch 235 is 0.312420129776001s
Time taken for batch 236 is 0.31216907501220703s
Time taken for batch 237 is 0.3155522346496582s
Time taken for batch 238 is 0.31212806701660156s
Time taken for batch 239 is 0.31293749809265137s
Time taken for batch 240 is 0.31323933601379395s
Time taken for batch 241 is 0.31302762031555176s
Time taken for batch 242 is 0.31137585639953613s
Time taken for batch 243 is 0.31463003158569336s
Time taken for batch 244 is 0.31330132484436035s
Time taken for batch 245 is 0.31319689750671387s
Time taken for batch 246 is 0.3133363723754883s
Time taken for batch 247 is 0.31259703636169434s
Time taken for batch 248 is 0.31334900856018066s
Time taken for batch 249 is 0.312603235244751s
Time taken for batch 250 is 0.31284499168395996s
Time taken for batch 251 is 0.31238722801208496s
Time taken for batch 252 is 0.31423449516296387s
Time taken for batch 253 is 0.31299424171447754s
Time taken for batch 254 is 0.3120594024658203s
Time taken for batch 255 is 0.3133583068847656s
Time taken for batch 256 is 0.31307411193847656s
Time taken for batch 257 is 0.3131740093231201s
Time taken for batch 258 is 0.3124237060546875s
Time taken for batch 259 is 0.3129730224609375s
Time taken for batch 260 is 0.31333398818969727s
Time taken for batch 261 is 0.31327009201049805s
Time taken for batch 262 is 0.3121058940887451s
Time taken for batch 263 is 0.31277966499328613s
Time taken for batch 264 is 0.31347179412841797s
Time taken for batch 265 is 0.3130676746368408s
Time taken for batch 266 is 0.31261587142944336s
Time taken for batch 267 is 0.3135049343109131s
Time taken for batch 268 is 0.31383562088012695s
Time taken for batch 269 is 0.31311583518981934s
Time taken for batch 270 is 0.3110949993133545s
Time taken for batch 271 is 0.31175994873046875s
Time taken for batch 272 is 0.31264781951904297s
Time taken for batch 273 is 0.31266307830810547s
Time taken for batch 274 is 0.3123588562011719s
Time taken for batch 275 is 0.31269049644470215s
Time taken for batch 276 is 0.4082064628601074s
Time taken for batch 277 is 0.31316161155700684s
Time taken for batch 278 is 0.3122546672821045s
Time taken for batch 279 is 0.31246113777160645s
Time taken for batch 280 is 0.3111889362335205s
Time taken for batch 281 is 0.3131282329559326s
Time taken for batch 282 is 0.31246042251586914s
Time taken for batch 283 is 0.31298041343688965s
Time taken for batch 284 is 0.31308436393737793s
Time taken for batch 285 is 0.3121638298034668s
Time taken for batch 286 is 0.31232476234436035s
Time taken for batch 287 is 0.3117053508758545s
Time taken for batch 288 is 0.3129289150238037s
Time taken for batch 289 is 0.3126235008239746s
Time taken for batch 290 is 0.31256890296936035s
Time taken for batch 291 is 0.3127148151397705s
Time taken for batch 292 is 0.3128232955932617s
Time taken for batch 293 is 0.31181764602661133s
Time taken for batch 294 is 0.31059980392456055s
Time taken for batch 295 is 0.311568021774292s
Time taken for batch 296 is 0.31327056884765625s
Time taken for batch 297 is 0.3121802806854248s
Time taken for batch 298 is 0.31221628189086914s
Time taken for batch 299 is 0.31212830543518066s
Time taken for batch 300 is 0.31433773040771484s
Time taken for batch 301 is 0.31256890296936035s
Time taken for batch 302 is 0.31224894523620605s
Time taken for batch 303 is 0.31267499923706055s
Time taken for batch 304 is 0.3115119934082031s
Time taken for batch 305 is 0.3119220733642578s
Time taken for batch 306 is 0.31340932846069336s
Time taken for batch 307 is 0.3131134510040283s
Time taken for batch 308 is 0.3129870891571045s
Time taken for batch 309 is 0.31231021881103516s
Time taken for batch 310 is 0.31188488006591797s
Time taken for batch 311 is 0.31210780143737793s
Time taken for batch 312 is 0.31288814544677734s
Time taken for batch 313 is 0.3118753433227539s
Time taken for batch 314 is 0.31166720390319824s
Time taken for batch 315 is 0.3136579990386963s
Time taken for batch 316 is 0.3121793270111084s
Time taken for batch 317 is 0.3134291172027588s
Time taken for batch 318 is 0.3127255439758301s
Time taken for batch 319 is 0.3139643669128418s
Time taken for batch 320 is 0.3130161762237549s
Time taken for batch 321 is 0.3126661777496338s
Time taken for batch 322 is 0.31189417839050293s
Time taken for batch 323 is 0.31493496894836426s
Time taken for batch 324 is 0.31352996826171875s
Time taken for batch 325 is 0.3134794235229492s
Time taken for batch 326 is 0.3129260540008545s
Time taken for batch 327 is 0.31249308586120605s
Time taken for batch 328 is 0.3117218017578125s
Time taken for batch 329 is 0.3127760887145996s
Time taken for batch 330 is 0.31098294258117676s
Time taken for batch 331 is 0.3107314109802246s
Time taken for batch 332 is 0.31301021575927734s
Time taken for batch 333 is 0.31368589401245117s
Time taken for batch 334 is 0.31270742416381836s
Time taken for batch 335 is 0.31206321716308594s
Time taken for batch 336 is 0.3123359680175781s
Time taken for batch 337 is 0.3126866817474365s
Time taken for batch 338 is 0.31302833557128906s
Time taken for batch 339 is 0.3134734630584717s
Time taken for batch 171 is 0.3128170967102051s
Time taken for batch 172 is 0.312758207321167s
Time taken for batch 173 is 0.3128321170806885s
Time taken for batch 174 is 0.31454944610595703s
Time taken for batch 175 is 0.31203460693359375s
Time taken for batch 176 is 0.31244611740112305s
Time taken for batch 177 is 0.3141162395477295s
Time taken for batch 178 is 0.3125755786895752s
Time taken for batch 179 is 0.31205153465270996s
Time taken for batch 180 is 0.31223225593566895s
Time taken for batch 181 is 0.3124680519104004s
Time taken for batch 182 is 0.31288766860961914s
Time taken for batch 183 is 0.3135075569152832s
Time taken for batch 184 is 0.3119359016418457s
Time taken for batch 185 is 0.3132748603820801s
Time taken for batch 186 is 0.3114287853240967s
Time taken for batch 187 is 0.3115692138671875s
Time taken for batch 188 is 0.31278014183044434s
Time taken for batch 189 is 0.31320881843566895s
Time taken for batch 190 is 0.31263232231140137s
Time taken for batch 191 is 0.31232500076293945s
Time taken for batch 192 is 0.3121950626373291s
Time taken for batch 193 is 0.3129556179046631s
Time taken for batch 194 is 0.3126368522644043s
Time taken for batch 195 is 0.3101520538330078s
Time taken for batch 196 is 0.31091952323913574s
Time taken for batch 197 is 0.3875751495361328s
Time taken for batch 198 is 0.3137996196746826s
Time taken for batch 199 is 0.31279468536376953s
Time taken for batch 200 is 0.31308698654174805s
Time taken for batch 201 is 0.4399528503417969s
Time taken for batch 202 is 0.31276655197143555s
Time taken for batch 203 is 0.3118317127227783s
Time taken for batch 204 is 0.3126554489135742s
Time taken for batch 205 is 0.6219489574432373s
Time taken for batch 206 is 0.31265974044799805s
Time taken for batch 207 is 0.3123958110809326s
Time taken for batch 208 is 0.3121936321258545s
Time taken for batch 209 is 0.899909496307373s
Time taken for batch 210 is 0.3114793300628662s
Time taken for batch 211 is 0.31169795989990234s
Time taken for batch 212 is 0.3123929500579834s
Time taken for batch 213 is 0.7862975597381592s
Time taken for batch 214 is 0.31298828125s
Time taken for batch 215 is 0.3109097480773926s
Time taken for batch 216 is 0.3104407787322998s
Time taken for batch 217 is 0.8041648864746094s
Time taken for batch 218 is 0.31277036666870117s
Time taken for batch 219 is 0.31185102462768555s
Time taken for batch 220 is 0.31275343894958496s
Time taken for batch 221 is 1.1466500759124756s
Time taken for batch 222 is 0.31156206130981445s
Time taken for batch 223 is 0.3115212917327881s
Time taken for batch 224 is 0.3135986328125s
Time taken for batch 225 is 1.0528500080108643s
Time taken for batch 226 is 0.31057262420654297s
Time taken for batch 227 is 0.3126339912414551s
Time taken for batch 228 is 0.3123202323913574s
Time taken for batch 229 is 0.7804200649261475s
Time taken for batch 230 is 0.31197047233581543s
Time taken for batch 231 is 0.31190013885498047s
Time taken for batch 232 is 0.31125426292419434s
Time taken for batch 233 is 1.3891105651855469s
Time taken for batch 234 is 0.3126108646392822s
Time taken for batch 235 is 0.3126664161682129s
Time taken for batch 236 is 0.31109094619750977s
Time taken for batch 237 is 1.1448369026184082s
Time taken for batch 238 is 0.3126668930053711s
Time taken for batch 239 is 0.3132603168487549s
Time taken for batch 240 is 0.3122282028198242s
Time taken for batch 241 is 1.0228517055511475s
Time taken for batch 242 is 0.31171464920043945s
Time taken for batch 243 is 0.3148369789123535s
Time taken for batch 244 is 0.31214404106140137s
Time taken for batch 245 is 1.0500125885009766s
Time taken for batch 246 is 0.3124430179595947s
Time taken for batch 247 is 0.31380701065063477s
Time taken for batch 248 is 0.3120996952056885s
Time taken for batch 249 is 1.139451026916504s
Time taken for batch 250 is 0.313112735748291s
Time taken for batch 251 is 0.31198859214782715s
Time taken for batch 252 is 0.31398558616638184s
Time taken for batch 253 is 1.0546433925628662s
Time taken for batch 254 is 0.3118908405303955s
Time taken for batch 171 is 0.5088179111480713s
Time taken for batch 172 is 0.31266260147094727s
Time taken for batch 173 is 1.0590929985046387s
Time taken for batch 174 is 0.31414341926574707s
Time taken for batch 175 is 0.39139389991760254s
Time taken for batch 176 is 0.31227922439575195s
Time taken for batch 177 is 1.2365829944610596s
Time taken for batch 178 is 0.31241869926452637s
Time taken for batch 179 is 0.31167173385620117s
Time taken for batch 180 is 0.3130526542663574s
Time taken for batch 181 is 1.0135643482208252s
Time taken for batch 182 is 0.3127474784851074s
Time taken for batch 183 is 0.6504628658294678s
Time taken for batch 184 is 0.31215691566467285s
Time taken for batch 185 is 0.8514089584350586s
Time taken for batch 186 is 0.31102681159973145s
Time taken for batch 187 is 0.8746778964996338s
Time taken for batch 188 is 0.31199216842651367s
Time taken for batch 189 is 0.7946808338165283s
Time taken for batch 190 is 0.31209802627563477s
Time taken for batch 191 is 0.6106703281402588s
Time taken for batch 192 is 0.3119351863861084s
Time taken for batch 193 is 0.9560408592224121s
Time taken for batch 194 is 0.312835693359375s
Time taken for batch 195 is 0.9404361248016357s
Time taken for batch 196 is 0.31081581115722656s
Time taken for batch 197 is 1.5179450511932373s
Time taken for batch 198 is 0.31305384635925293s
Time taken for batch 199 is 0.6510767936706543s
Time taken for batch 200 is 0.31216001510620117s
Time taken for batch 201 is 0.8675286769866943s
Time taken for batch 202 is 0.31244993209838867s
Time taken for batch 203 is 0.3251652717590332s
Time taken for batch 204 is 0.3128964900970459s
Time taken for batch 205 is 1.3490228652954102s
Time taken for batch 206 is 0.31239938735961914s
Time taken for batch 207 is 0.3128645420074463s
Time taken for batch 208 is 0.31276512145996094s
Time taken for batch 209 is 1.114851951599121s
Time taken for batch 210 is 0.31243276596069336s
Time taken for batch 211 is 0.31174254417419434s
Time taken for batch 212 is 0.31278443336486816s
Time taken for batch 213 is 0.9278676509857178s
Time taken for batch 214 is 0.31249022483825684s
Time taken for batch 215 is 0.31131768226623535s
Time taken for batch 216 is 0.31060147285461426s
Time taken for batch 217 is 1.4364993572235107s
Time taken for batch 218 is 0.3127460479736328s
Time taken for batch 219 is 0.3125021457672119s
Time taken for batch 220 is 0.31204748153686523s
Time taken for batch 221 is 1.167698860168457s
Time taken for batch 222 is 0.311643123626709s
Time taken for batch 223 is 0.31136393547058105s
Time taken for batch 224 is 0.31349778175354004s
Time taken for batch 225 is 1.0530726909637451s
Time taken for batch 226 is 0.31073427200317383s
Time taken for batch 227 is 0.31270360946655273s
Time taken for batch 228 is 0.3121001720428467s
Time taken for batch 229 is 1.0771081447601318s
Time taken for batch 230 is 0.31251072883605957s
Time taken for batch 231 is 0.3113863468170166s
Time taken for batch 232 is 0.3111763000488281s
Time taken for batch 233 is 1.4883644580841064s
Time taken for batch 234 is 0.31203460693359375s
Time taken for batch 235 is 0.31226158142089844s
Time taken for batch 236 is 0.31215906143188477s
Time taken for batch 237 is 1.1444313526153564s
Time taken for batch 238 is 0.31247377395629883s
Time taken for batch 239 is 0.31330204010009766s
Time taken for batch 240 is 0.3122992515563965s
Time taken for batch 241 is 1.0227980613708496s
Time taken for batch 242 is 0.31143999099731445s
Time taken for batch 243 is 0.31482362747192383s
Time taken for batch 244 is 0.3123958110809326s
Time taken for batch 245 is 1.049715518951416s
Time taken for batch 246 is 0.3126347064971924s
Time taken for batch 247 is 0.3139638900756836s
Time taken for batch 248 is 0.31195855140686035s
Time taken for batch 249 is 1.1396467685699463s
Time taken for batch 250 is 0.312061071395874s
Time taken for batch 251 is 0.31365323066711426s
Time taken for batch 252 is 0.3126840591430664s
Time taken for batch 253 is 1.0553576946258545s
Time taken for batch 254 is 0.311556339263916s
Time taken for batch 255 is 0.31293153762817383s
Time taken for batch 256 is 0.31315088272094727s
Time taken for batch 257 is 0.874671220779419s
Time taken for batch 258 is 0.3127615451812744s
Time taken for batch 259 is 0.3118159770965576s
Time taken for batch 260 is 0.31365537643432617s
Time taken for batch 261 is 0.9226348400115967s
Time taken for batch 262 is 0.3120110034942627s
Time taken for batch 263 is 0.31263136863708496s
Time taken for batch 264 is 0.3120076656341553s
Time taken for batch 265 is 0.8566792011260986s
Time taken for batch 266 is 0.3127422332763672s
Time taken for batch 267 is 0.3131277561187744s
Time taken for batch 268 is 0.31243896484375s
Time taken for batch 269 is 0.885101318359375s
Time taken for batch 270 is 0.3113420009613037s
Time taken for batch 271 is 0.3116140365600586s
Time taken for batch 272 is 0.31151318550109863s
Time taken for batch 273 is 1.0808203220367432s
Time taken for batch 274 is 0.31258225440979004s
Time taken for batch 275 is 0.31183481216430664s
Time taken for batch 276 is 0.31235599517822266s
Time taken for batch 277 is 0.9762492179870605s
Time taken for batch 278 is 0.3128359317779541s
Time taken for batch 279 is 0.3125028610229492s
Time taken for batch 280 is 0.31017351150512695s
Time taken for batch 281 is 1.9887900352478027s
Time taken for batch 282 is 0.31195664405822754s
Time taken for batch 283 is 0.3125879764556885s
Time taken for batch 284 is 0.3129231929779053s
Time taken for batch 285 is 0.8839828968048096s
Time taken for batch 286 is 0.3124215602874756s
Time taken for batch 287 is 0.31067824363708496s
Time taken for batch 288 is 0.3126335144042969s
Time taken for batch 289 is 1.2962026596069336s
Time taken for batch 290 is 0.3129310607910156s
Time taken for batch 291 is 0.31101012229919434s
Time taken for batch 292 is 0.31368470191955566s
Time taken for batch 293 is 0.9628498554229736s
Time taken for batch 294 is 0.31029820442199707s
Time taken for batch 295 is 0.3122067451477051s
Time taken for batch 296 is 0.31182169914245605s
Time taken for batch 297 is 1.0691115856170654s
Time taken for batch 298 is 0.3126213550567627s
Time taken for batch 299 is 0.31137967109680176s
Time taken for batch 300 is 0.3139832019805908s
Time taken for batch 301 is 1.098508596420288s
Time taken for batch 302 is 0.31226468086242676s
Time taken for batch 303 is 0.3113899230957031s
Time taken for batch 304 is 0.3127892017364502s
Time taken for batch 305 is 1.235610008239746s
Time taken for batch 306 is 0.31309008598327637s
Time taken for batch 307 is 0.3124864101409912s
Time taken for batch 308 is 0.3131875991821289s
Time taken for batch 309 is 0.9801979064941406s
Time taken for batch 310 is 0.3114285469055176s
Time taken for batch 311 is 0.31261539459228516s
Time taken for batch 312 is 0.31188488006591797s
Time taken for batch 313 is 1.04549241065979s
Time taken for batch 314 is 0.31142759323120117s
Time taken for batch 315 is 0.3138256072998047s
Time taken for batch 316 is 0.31129026412963867s
Time taken for batch 317 is 0.7466609477996826s
Time taken for batch 318 is 0.3130769729614258s
Time taken for batch 319 is 0.3130192756652832s
Time taken for batch 320 is 0.31258726119995117s
Time taken for batch 321 is 1.0365514755249023s
Time taken for batch 322 is 0.3112339973449707s
Time taken for batch 323 is 0.31415700912475586s
Time taken for batch 324 is 0.31359338760375977s
Time taken for batch 325 is 1.2695186138153076s
Time taken for batch 326 is 0.31284427642822266s
Time taken for batch 327 is 0.31186485290527344s
Time taken for batch 328 is 0.31247377395629883s
Time taken for batch 329 is 0.7548065185546875s
Time taken for batch 330 is 0.31088709831237793s
Time taken for batch 331 is 0.3107898235321045s
Time taken for batch 332 is 0.31261277198791504s
Time taken for batch 333 is 2.2479608058929443s
Time taken for batch 334 is 0.3122067451477051s
Time taken for batch 335 is 0.3131124973297119s
Time taken for batch 336 is 0.31160759925842285s
Time taken for batch 337 is 0.9906535148620605s
Time taken for batch 338 is 0.31287097930908203s
Time taken for batch 255 is 0.3135795593261719s
Time taken for batch 256 is 0.31250905990600586s
Time taken for batch 257 is 0.8754911422729492s
Time taken for batch 258 is 0.31215405464172363s
Time taken for batch 259 is 0.3126835823059082s
Time taken for batch 260 is 0.3130817413330078s
Time taken for batch 261 is 0.9226129055023193s
Time taken for batch 262 is 0.3120255470275879s
Time taken for batch 263 is 0.3128185272216797s
Time taken for batch 264 is 0.3121778964996338s
Time taken for batch 265 is 0.8565447330474854s
Time taken for batch 266 is 0.3125154972076416s
Time taken for batch 267 is 0.31354212760925293s
Time taken for batch 268 is 0.3122553825378418s
Time taken for batch 269 is 0.8851735591888428s
Time taken for batch 270 is 0.3111600875854492s
Time taken for batch 271 is 0.3118603229522705s
Time taken for batch 272 is 0.3119668960571289s
Time taken for batch 273 is 1.0801713466644287s
Time taken for batch 274 is 0.3124265670776367s
Time taken for batch 275 is 0.3126049041748047s
Time taken for batch 276 is 0.40708470344543457s
Time taken for batch 277 is 0.9774613380432129s
Time taken for batch 278 is 0.31216907501220703s
Time taken for batch 279 is 0.31235694885253906s
Time taken for batch 280 is 0.3107585906982422s
Time taken for batch 281 is 1.9884028434753418s
Time taken for batch 282 is 0.3122098445892334s
Time taken for batch 283 is 0.31209683418273926s
Time taken for batch 284 is 0.3140091896057129s
Time taken for batch 285 is 0.8833277225494385s
Time taken for batch 286 is 0.3123970031738281s
Time taken for batch 287 is 0.3109772205352783s
Time taken for batch 288 is 0.31277918815612793s
Time taken for batch 289 is 1.2959725856781006s
Time taken for batch 290 is 0.3125901222229004s
Time taken for batch 291 is 0.3125009536743164s
Time taken for batch 292 is 0.31257081031799316s
Time taken for batch 293 is 0.9623310565948486s
Time taken for batch 294 is 0.31032395362854004s
Time taken for batch 295 is 0.31155943870544434s
Time taken for batch 296 is 0.31302952766418457s
Time taken for batch 297 is 1.0684263706207275s
Time taken for batch 298 is 0.31200337409973145s
Time taken for batch 299 is 0.3121051788330078s
Time taken for batch 300 is 0.31413698196411133s
Time taken for batch 301 is 1.0978972911834717s
Time taken for batch 302 is 0.31227874755859375s
Time taken for batch 303 is 0.3114478588104248s
Time taken for batch 304 is 0.3122270107269287s
Time taken for batch 305 is 1.2359552383422852s
Time taken for batch 306 is 0.3130626678466797s
Time taken for batch 307 is 0.3130507469177246s
Time taken for batch 308 is 0.31293368339538574s
Time taken for batch 309 is 0.9800319671630859s
Time taken for batch 310 is 0.312025785446167s
Time taken for batch 311 is 0.31209826469421387s
Time taken for batch 312 is 0.3122546672821045s
Time taken for batch 313 is 1.044905424118042s
Time taken for batch 314 is 0.3118906021118164s
Time taken for batch 315 is 0.3128223419189453s
Time taken for batch 316 is 0.3122730255126953s
Time taken for batch 317 is 0.7456164360046387s
Time taken for batch 318 is 0.3135986328125s
Time taken for batch 319 is 0.3132781982421875s
Time taken for batch 320 is 0.31256842613220215s
Time taken for batch 321 is 1.0362889766693115s
Time taken for batch 322 is 0.3123035430908203s
Time taken for batch 323 is 0.3132812976837158s
Time taken for batch 324 is 0.3140280246734619s
Time taken for batch 325 is 1.2700843811035156s
Time taken for batch 326 is 0.31189918518066406s
Time taken for batch 327 is 0.3128948211669922s
Time taken for batch 328 is 0.31205105781555176s
Time taken for batch 329 is 0.7543647289276123s
Time taken for batch 330 is 0.31097865104675293s
Time taken for batch 331 is 0.3109159469604492s
Time taken for batch 332 is 0.31272101402282715s
Time taken for batch 333 is 2.2474606037139893s
Time taken for batch 334 is 0.3120431900024414s
Time taken for batch 335 is 0.3132443428039551s
Time taken for batch 336 is 0.3126499652862549s
Time taken for batch 337 is 0.9898757934570312s
Time taken for batch 338 is 0.3127713203430176s
Time taken for batch 339 is 0.31303977966308594s
Time taken for batch 339 is 0.3131842613220215s
Time taken for batch 172 is 0.31374645233154297s
Time taken for batch 173 is 1.0580427646636963s
Time taken for batch 174 is 0.31371569633483887s
Time taken for batch 175 is 0.39147400856018066s
Time taken for batch 176 is 0.31261754035949707s
Time taken for batch 177 is 1.2358107566833496s
Time taken for batch 178 is 0.31172895431518555s
Time taken for batch 179 is 0.3124215602874756s
Time taken for batch 180 is 0.3133270740509033s
Time taken for batch 181 is 1.0127630233764648s
Time taken for batch 182 is 0.3123633861541748s
Time taken for batch 183 is 0.6509597301483154s
Time taken for batch 184 is 0.31145811080932617s
Time taken for batch 185 is 0.8513765335083008s
Time taken for batch 186 is 0.3107597827911377s
Time taken for batch 187 is 0.8748056888580322s
Time taken for batch 188 is 0.31169629096984863s
Time taken for batch 189 is 0.7944190502166748s
Time taken for batch 190 is 0.312497615814209s
Time taken for batch 191 is 0.6096582412719727s
Time taken for batch 192 is 0.31250596046447754s
Time taken for batch 193 is 0.955254077911377s
Time taken for batch 194 is 0.3126990795135498s
Time taken for batch 195 is 0.9407682418823242s
Time taken for batch 196 is 0.3102402687072754s
Time taken for batch 197 is 1.5176615715026855s
Time taken for batch 198 is 0.3132660388946533s
Time taken for batch 199 is 0.6505446434020996s
Time taken for batch 200 is 0.3118577003479004s
Time taken for batch 201 is 0.8681697845458984s
Time taken for batch 202 is 0.311511754989624s
Time taken for batch 203 is 0.32539844512939453s
Time taken for batch 204 is 0.31327152252197266s
Time taken for batch 205 is 1.3477234840393066s
Time taken for batch 206 is 0.3124237060546875s
Time taken for batch 207 is 0.3123011589050293s
Time taken for batch 208 is 0.3127884864807129s
Time taken for batch 209 is 1.114607334136963s
Time taken for batch 210 is 0.3123917579650879s
Time taken for batch 211 is 0.31121206283569336s
Time taken for batch 212 is 0.31267833709716797s
Time taken for batch 213 is 0.9278652667999268s
Time taken for batch 214 is 0.31269216537475586s
Time taken for batch 215 is 0.31074070930480957s
Time taken for batch 216 is 0.3103508949279785s
Time taken for batch 217 is 1.4365348815917969s
Time taken for batch 218 is 0.3129100799560547s
Time taken for batch 219 is 0.31124067306518555s
Time taken for batch 220 is 0.31277918815612793s
Time taken for batch 221 is 1.1675095558166504s
Time taken for batch 222 is 0.31155824661254883s
Time taken for batch 223 is 0.311171293258667s
Time taken for batch 224 is 0.3133833408355713s
Time taken for batch 225 is 1.0530800819396973s
Time taken for batch 226 is 0.31041598320007324s
Time taken for batch 227 is 0.31302785873413086s
Time taken for batch 228 is 0.31137967109680176s
Time taken for batch 229 is 1.076850175857544s
Time taken for batch 230 is 0.312410831451416s
Time taken for batch 231 is 0.3110771179199219s
Time taken for batch 232 is 0.31107020378112793s
Time taken for batch 233 is 1.48787260055542s
Time taken for batch 234 is 0.31342411041259766s
Time taken for batch 235 is 0.3109724521636963s
Time taken for batch 236 is 0.31151485443115234s
Time taken for batch 237 is 1.1446576118469238s
Time taken for batch 238 is 0.313321590423584s
Time taken for batch 239 is 0.31247973442077637s
Time taken for batch 240 is 0.31192612648010254s
Time taken for batch 241 is 1.0226633548736572s
Time taken for batch 242 is 0.3113889694213867s
Time taken for batch 243 is 0.31502461433410645s
Time taken for batch 244 is 0.31177759170532227s
Time taken for batch 245 is 1.049950361251831s
Time taken for batch 246 is 0.31236863136291504s
Time taken for batch 247 is 0.3137187957763672s
Time taken for batch 248 is 0.3120129108428955s
Time taken for batch 249 is 1.139561414718628s
Time taken for batch 250 is 0.3121342658996582s
Time taken for batch 251 is 0.31334733963012695s
Time taken for batch 252 is 0.31252074241638184s
Time taken for batch 253 is 1.0549323558807373s
Time taken for batch 254 is 0.3112523555755615s
Time taken for batch 255 is 0.31390833854675293s
Time taken for batch 256 is 0.3125901222229004s
Time taken for batch 257 is 0.8747217655181885s
Time taken for batch 258 is 0.31186985969543457s
Time taken for batch 259 is 0.3132171630859375s
Time taken for batch 260 is 0.3128180503845215s
Time taken for batch 261 is 0.9220304489135742s
Time taken for batch 262 is 0.3115370273590088s
Time taken for batch 263 is 0.31317996978759766s
Time taken for batch 264 is 0.3123953342437744s
Time taken for batch 265 is 0.8558917045593262s
Time taken for batch 266 is 0.3121964931488037s
Time taken for batch 267 is 0.3137040138244629s
Time taken for batch 268 is 0.31260132789611816s
Time taken for batch 269 is 0.8847033977508545s
Time taken for batch 270 is 0.3103902339935303s
Time taken for batch 271 is 0.3121030330657959s
Time taken for batch 272 is 0.3115577697753906s
Time taken for batch 273 is 0.9777193069458008s
Time taken for batch 274 is 0.31225061416625977s
Time taken for batch 275 is 0.3124704360961914s
Time taken for batch 276 is 0.4075908660888672s
Time taken for batch 277 is 0.9760956764221191s
Time taken for batch 278 is 0.31212902069091797s
Time taken for batch 279 is 0.3124217987060547s
Time taken for batch 280 is 0.31055283546447754s
Time taken for batch 281 is 1.6675245761871338s
Time taken for batch 282 is 0.3124663829803467s
Time taken for batch 283 is 0.3121628761291504s
Time taken for batch 284 is 0.31295037269592285s
Time taken for batch 285 is 0.883265495300293s
Time taken for batch 286 is 0.31214284896850586s
Time taken for batch 287 is 0.3107576370239258s
Time taken for batch 288 is 0.31217479705810547s
Time taken for batch 289 is 1.1893672943115234s
Time taken for batch 290 is 0.3123035430908203s
Time taken for batch 291 is 0.3115580081939697s
Time taken for batch 292 is 0.3140904903411865s
Time taken for batch 293 is 0.9612622261047363s
Time taken for batch 294 is 0.31075596809387207s
Time taken for batch 295 is 0.3119359016418457s
Time taken for batch 296 is 0.3127603530883789s
Time taken for batch 297 is 1.0675437450408936s
Time taken for batch 298 is 0.31255650520324707s
Time taken for batch 299 is 0.3123931884765625s
Time taken for batch 300 is 0.3129446506500244s
Time taken for batch 301 is 1.097702980041504s
Time taken for batch 302 is 0.31196093559265137s
Time taken for batch 303 is 0.3122258186340332s
Time taken for batch 304 is 0.31142520904541016s
Time taken for batch 305 is 1.2354772090911865s
Time taken for batch 306 is 0.3141441345214844s
Time taken for batch 307 is 0.3125331401824951s
Time taken for batch 308 is 0.31223559379577637s
Time taken for batch 309 is 0.9797489643096924s
Time taken for batch 310 is 0.31241607666015625s
Time taken for batch 311 is 0.31119632720947266s
Time taken for batch 312 is 0.31296563148498535s
Time taken for batch 313 is 1.0442771911621094s
Time taken for batch 314 is 0.3123362064361572s
Time taken for batch 315 is 0.31221580505371094s
Time taken for batch 316 is 0.31197428703308105s
Time taken for batch 317 is 0.7461585998535156s
Time taken for batch 318 is 0.31319427490234375s
Time taken for batch 319 is 0.31281447410583496s
Time taken for batch 320 is 0.31206488609313965s
Time taken for batch 321 is 1.035722017288208s
Time taken for batch 322 is 0.3125741481781006s
Time taken for batch 323 is 0.31267547607421875s
Time taken for batch 324 is 0.31328701972961426s
Time taken for batch 325 is 1.2694833278656006s
Time taken for batch 326 is 0.31255149841308594s
Time taken for batch 327 is 0.3118424415588379s
Time taken for batch 328 is 0.31214046478271484s
Time taken for batch 329 is 0.753889799118042s
Time taken for batch 330 is 0.3117983341217041s
Time taken for batch 331 is 0.31156444549560547s
Time taken for batch 332 is 0.31134605407714844s
Time taken for batch 333 is 2.2479054927825928s
Time taken for batch 334 is 0.3117713928222656s
Time taken for batch 335 is 0.3126857280731201s
Time taken for batch 336 is 0.3123321533203125s
Time taken for batch 337 is 0.9904484748840332s
Time taken for batch 338 is 0.312516450881958s
Time taken for batch 339 is 0.3131532669067383s
Time taken for batch 340 is 0.31246042251586914s
