Tue Aug 27 22:58:59 2024       
+-----------------------------------------------------------------------------+
| NVIDIA-SMI 525.105.17   Driver Version: 525.105.17   CUDA Version: 12.2     |
|-------------------------------+----------------------+----------------------+
| GPU  Name        Persistence-M| Bus-Id        Disp.A | Volatile Uncorr. ECC |
| Fan  Temp  Perf  Pwr:Usage/Cap|         Memory-Usage | GPU-Util  Compute M. |
|                               |                      |               MIG M. |
|===============================+======================+======================|
|   0  NVIDIA A100-SXM...  On   | 00000000:03:00.0 Off |                    0 |
| N/A   30C    P0    63W / 500W |      0MiB / 81920MiB |      0%      Default |
|                               |                      |             Disabled |
+-------------------------------+----------------------+----------------------+
|   1  NVIDIA A100-SXM...  On   | 00000000:41:00.0 Off |                    0 |
| N/A   27C    P0    57W / 500W |      0MiB / 81920MiB |      0%      Default |
|                               |                      |             Disabled |
+-------------------------------+----------------------+----------------------+
|   2  NVIDIA A100-SXM...  On   | 00000000:82:00.0 Off |                    0 |
| N/A   29C    P0    57W / 500W |      0MiB / 81920MiB |      0%      Default |
|                               |                      |             Disabled |
+-------------------------------+----------------------+----------------------+
|   3  NVIDIA A100-SXM...  On   | 00000000:C1:00.0 Off |                    0 |
| N/A   29C    P0    63W / 500W |      0MiB / 81920MiB |      0%      Default |
|                               |                      |             Disabled |
+-------------------------------+----------------------+----------------------+
                                                                               
+-----------------------------------------------------------------------------+
| Processes:                                                                  |
|  GPU   GI   CI        PID   Type   Process name                  GPU Memory |
|        ID   ID                                                   Usage      |
|=============================================================================|
|  No running processes found                                                 |
+-----------------------------------------------------------------------------+
WORLD_SIZE: 4, GLOBAL_RANK: 1
model initialized
Data Loaded
Dataloaders created
Local Rank: 1
Training starts
WORLD_SIZE: 4, GLOBAL_RANK: 2
model initialized
Data Loaded
Dataloaders created
Local Rank: 2
Training starts
WORLD_SIZE: 4, GLOBAL_RANK: 3
model initialized
Data Loaded
Dataloaders created
Local Rank: 3
Training starts
WORLD_SIZE: 4, GLOBAL_RANK: 0
model initialized
Data Loaded
Dataloaders created
Local Rank: 0
Training starts
Time taken for batch 0 is 8.639103889465332s
Time taken for batch 1 is 0.5655303001403809s
Time taken for batch 2 is 0.529252290725708s
Time taken for batch 3 is 0.5265157222747803s
Time taken for batch 4 is 0.524010419845581s
Time taken for batch 5 is 0.5248663425445557s
Time taken for batch 6 is 0.5256102085113525s
Time taken for batch 7 is 0.5284085273742676s
Time taken for batch 8 is 0.5251791477203369s
Time taken for batch 9 is 0.5260474681854248s
Time taken for batch 10 is 0.5249896049499512s
Time taken for batch 11 is 0.5234873294830322s
Time taken for batch 12 is 0.5250258445739746s
Time taken for batch 13 is 0.5294225215911865s
Time taken for batch 14 is 0.5308802127838135s
Time taken for batch 15 is 0.5277421474456787s
Time taken for batch 16 is 0.5273587703704834s
Time taken for batch 17 is 0.5267846584320068s
Time taken for batch 18 is 0.5265016555786133s
Time taken for batch 19 is 0.5246331691741943s
Time taken for batch 20 is 0.5248775482177734s
Time taken for batch 21 is 0.5269482135772705s
Time taken for batch 22 is 0.5256571769714355s
Time taken for batch 23 is 0.5262091159820557s
Time taken for batch 24 is 0.527101993560791s
Time taken for batch 25 is 0.5267741680145264s
Time taken for batch 26 is 0.5269639492034912s
Time taken for batch 27 is 0.5268905162811279s
Time taken for batch 28 is 0.5263721942901611s
Time taken for batch 29 is 0.5249149799346924s
Time taken for batch 30 is 0.5259785652160645s
Time taken for batch 31 is 0.5270047187805176s
Time taken for batch 32 is 0.5325436592102051s
Time taken for batch 33 is 0.5276403427124023s
Time taken for batch 34 is 0.5299756526947021s
Time taken for batch 35 is 0.5266942977905273s
Time taken for batch 36 is 0.5295820236206055s
Time taken for batch 37 is 0.5277986526489258s
Time taken for batch 38 is 0.5288746356964111s
Time taken for batch 39 is 0.5284457206726074s
Time taken for batch 40 is 0.5288763046264648s
Time taken for batch 41 is 0.5295548439025879s
Time taken for batch 42 is 0.5271651744842529s
Time taken for batch 43 is 0.5282673835754395s
Time taken for batch 44 is 0.5266430377960205s
Time taken for batch 45 is 0.5272712707519531s
Time taken for batch 46 is 0.5284347534179688s
Time taken for batch 47 is 0.5278046131134033s
Time taken for batch 48 is 0.5284245014190674s
Time taken for batch 49 is 0.5286014080047607s
Time taken for batch 50 is 0.5272762775421143s
Time taken for batch 51 is 0.5279214382171631s
Time taken for batch 52 is 0.5261416435241699s
Time taken for batch 53 is 0.5264959335327148s
Time taken for batch 54 is 0.5270028114318848s
Time taken for batch 55 is 0.5257291793823242s
Time taken for batch 56 is 0.5244195461273193s
Time taken for batch 57 is 0.5248994827270508s
Time taken for batch 58 is 0.5262308120727539s
Time taken for batch 59 is 0.5257003307342529s
Time taken for batch 60 is 0.5245327949523926s
Time taken for batch 61 is 0.529151201248169s
Time taken for batch 62 is 0.5269999504089355s
Time taken for batch 63 is 0.5270960330963135s
Time taken for batch 64 is 0.5270557403564453s
Time taken for batch 65 is 0.5272369384765625s
Time taken for batch 66 is 0.5277283191680908s
Time taken for batch 67 is 0.5255782604217529s
Time taken for batch 68 is 0.52872633934021s
Time taken for batch 69 is 0.5269260406494141s
Time taken for batch 70 is 0.5267820358276367s
Time taken for batch 71 is 0.5279374122619629s
Time taken for batch 72 is 0.5273597240447998s
Time taken for batch 73 is 0.5269687175750732s
Time taken for batch 74 is 0.5265631675720215s
Time taken for batch 75 is 0.5273294448852539s
Time taken for batch 76 is 0.5268604755401611s
Time taken for batch 77 is 0.5266926288604736s
Time taken for batch 78 is 0.5257253646850586s
Time taken for batch 79 is 0.5270266532897949s
Time taken for batch 80 is 0.5259795188903809s
Time taken for batch 81 is 0.526076078414917s
Time taken for batch 82 is 0.5271446704864502s
Time taken for batch 83 is 0.528435230255127s
Time taken for batch 84 is 0.5264883041381836s
Time taken for batch 85 is 0.5267081260681152s
Time taken for batch 86 is 0.5279960632324219s
Time taken for batch 0 is 8.622775077819824s
Time taken for batch 1 is 0.5823550224304199s
Time taken for batch 2 is 0.529184103012085s
Time taken for batch 3 is 0.5256669521331787s
Time taken for batch 4 is 0.5247671604156494s
Time taken for batch 5 is 0.5248517990112305s
Time taken for batch 6 is 0.526301383972168s
Time taken for batch 7 is 0.528104305267334s
Time taken for batch 8 is 0.5253181457519531s
Time taken for batch 9 is 0.5258045196533203s
Time taken for batch 10 is 0.525174617767334s
Time taken for batch 11 is 0.5234358310699463s
Time taken for batch 12 is 0.5258548259735107s
Time taken for batch 13 is 0.5255615711212158s
Time taken for batch 14 is 0.5338685512542725s
Time taken for batch 15 is 0.5275650024414062s
Time taken for batch 16 is 0.5280144214630127s
Time taken for batch 17 is 0.526925802230835s
Time taken for batch 18 is 0.5264525413513184s
Time taken for batch 19 is 0.5238897800445557s
Time taken for batch 20 is 0.5252790451049805s
Time taken for batch 21 is 0.5267877578735352s
Time taken for batch 22 is 0.5261697769165039s
Time taken for batch 23 is 0.5254085063934326s
Time taken for batch 24 is 0.5273587703704834s
Time taken for batch 25 is 0.5264682769775391s
Time taken for batch 26 is 0.5271375179290771s
Time taken for batch 27 is 0.5269193649291992s
Time taken for batch 28 is 0.5260910987854004s
Time taken for batch 29 is 0.52471923828125s
Time taken for batch 30 is 0.5257630348205566s
Time taken for batch 31 is 0.5273308753967285s
Time taken for batch 32 is 0.5298669338226318s
Time taken for batch 33 is 0.5313301086425781s
Time taken for batch 34 is 0.5295958518981934s
Time taken for batch 35 is 0.5266950130462646s
Time taken for batch 36 is 0.5300750732421875s
Time taken for batch 37 is 0.5273928642272949s
Time taken for batch 38 is 0.5290863513946533s
Time taken for batch 39 is 0.5282509326934814s
Time taken for batch 40 is 0.5277771949768066s
Time taken for batch 41 is 0.5300378799438477s
Time taken for batch 42 is 0.5271806716918945s
Time taken for batch 43 is 0.5280957221984863s
Time taken for batch 44 is 0.5268607139587402s
Time taken for batch 45 is 0.5270144939422607s
Time taken for batch 46 is 0.5278685092926025s
Time taken for batch 47 is 0.5281517505645752s
Time taken for batch 48 is 0.5288026332855225s
Time taken for batch 49 is 0.5282511711120605s
Time taken for batch 50 is 0.5281357765197754s
Time taken for batch 51 is 0.5275139808654785s
Time taken for batch 52 is 0.5264589786529541s
Time taken for batch 53 is 0.5263910293579102s
Time taken for batch 54 is 0.5269660949707031s
Time taken for batch 55 is 0.5251083374023438s
Time taken for batch 56 is 0.525489091873169s
Time taken for batch 57 is 0.5244979858398438s
Time taken for batch 58 is 0.5264644622802734s
Time taken for batch 59 is 0.5247488021850586s
Time taken for batch 60 is 0.524838924407959s
Time taken for batch 61 is 0.5288386344909668s
Time taken for batch 62 is 0.5273604393005371s
Time taken for batch 63 is 0.5271122455596924s
Time taken for batch 64 is 0.5273482799530029s
Time taken for batch 65 is 0.52622389793396s
Time taken for batch 66 is 0.5286757946014404s
Time taken for batch 67 is 0.5267970561981201s
Time taken for batch 68 is 0.5273113250732422s
Time taken for batch 69 is 0.5264370441436768s
Time taken for batch 70 is 0.5267891883850098s
Time taken for batch 71 is 0.5277869701385498s
Time taken for batch 72 is 0.5275430679321289s
Time taken for batch 73 is 0.5263113975524902s
Time taken for batch 74 is 0.5268857479095459s
Time taken for batch 75 is 0.5273480415344238s
Time taken for batch 76 is 0.5261590480804443s
Time taken for batch 77 is 0.5272748470306396s
Time taken for batch 78 is 0.5260913372039795s
Time taken for batch 79 is 0.526616096496582s
Time taken for batch 80 is 0.5251460075378418s
Time taken for batch 81 is 0.5266706943511963s
Time taken for batch 82 is 0.5273923873901367s
Time taken for batch 83 is 0.528536319732666s
Time taken for batch 84 is 0.5266368389129639s
Time taken for batch 85 is 0.5267271995544434s
Time taken for batch 86 is 0.5271008014678955s
Time taken for batch 0 is 8.562452554702759s
Time taken for batch 1 is 0.7858946323394775s
Time taken for batch 2 is 0.5263643264770508s
Time taken for batch 3 is 0.5247597694396973s
Time taken for batch 4 is 0.5258316993713379s
Time taken for batch 5 is 0.5238158702850342s
Time taken for batch 6 is 0.5265657901763916s
Time taken for batch 7 is 0.527855396270752s
Time taken for batch 8 is 0.5247359275817871s
Time taken for batch 9 is 0.5258915424346924s
Time taken for batch 10 is 0.5242495536804199s
Time taken for batch 11 is 0.5235469341278076s
Time taken for batch 12 is 0.5252687931060791s
Time taken for batch 13 is 0.526442289352417s
Time taken for batch 14 is 0.5340611934661865s
Time taken for batch 15 is 0.5268502235412598s
Time taken for batch 16 is 0.5269162654876709s
Time taken for batch 17 is 0.527534008026123s
Time taken for batch 18 is 0.5250306129455566s
Time taken for batch 19 is 0.5247526168823242s
Time taken for batch 20 is 0.5250649452209473s
Time taken for batch 21 is 0.5260767936706543s
Time taken for batch 22 is 0.5250780582427979s
Time taken for batch 23 is 0.5262606143951416s
Time taken for batch 24 is 0.5266406536102295s
Time taken for batch 25 is 0.5255112648010254s
Time taken for batch 26 is 0.5274746417999268s
Time taken for batch 27 is 0.5264506340026855s
Time taken for batch 28 is 0.5264480113983154s
Time taken for batch 29 is 0.5242693424224854s
Time taken for batch 30 is 0.5261826515197754s
Time taken for batch 31 is 0.5265684127807617s
Time taken for batch 32 is 0.5302753448486328s
Time taken for batch 33 is 0.5301408767700195s
Time taken for batch 34 is 0.5295326709747314s
Time taken for batch 35 is 0.5266070365905762s
Time taken for batch 36 is 0.5290725231170654s
Time taken for batch 37 is 0.5272872447967529s
Time taken for batch 38 is 0.527306079864502s
Time taken for batch 39 is 0.5300521850585938s
Time taken for batch 40 is 0.5270068645477295s
Time taken for batch 41 is 0.530278205871582s
Time taken for batch 42 is 0.5268974304199219s
Time taken for batch 43 is 0.5259921550750732s
Time taken for batch 44 is 0.5284011363983154s
Time taken for batch 45 is 0.526679515838623s
Time taken for batch 46 is 0.5286872386932373s
Time taken for batch 47 is 0.5270974636077881s
Time taken for batch 48 is 0.528435230255127s
Time taken for batch 49 is 0.5284113883972168s
Time taken for batch 50 is 0.5270669460296631s
Time taken for batch 51 is 0.5273313522338867s
Time taken for batch 52 is 0.5261640548706055s
Time taken for batch 53 is 0.5263931751251221s
Time taken for batch 54 is 0.5263683795928955s
Time taken for batch 55 is 0.5252985954284668s
Time taken for batch 56 is 0.5253281593322754s
Time taken for batch 57 is 0.5243015289306641s
Time taken for batch 58 is 0.5263903141021729s
Time taken for batch 59 is 0.5245621204376221s
Time taken for batch 60 is 0.5250270366668701s
Time taken for batch 61 is 0.5277791023254395s
Time taken for batch 62 is 0.5269618034362793s
Time taken for batch 63 is 0.5277571678161621s
Time taken for batch 64 is 0.5265445709228516s
Time taken for batch 65 is 0.5261542797088623s
Time taken for batch 66 is 0.5283739566802979s
Time taken for batch 67 is 0.5253357887268066s
Time taken for batch 68 is 0.5273425579071045s
Time taken for batch 69 is 0.5276093482971191s
Time taken for batch 70 is 0.5266914367675781s
Time taken for batch 71 is 0.5273048877716064s
Time taken for batch 72 is 0.526963472366333s
Time taken for batch 73 is 0.5265681743621826s
Time taken for batch 74 is 0.5269196033477783s
Time taken for batch 75 is 0.5268363952636719s
Time taken for batch 76 is 0.5262432098388672s
Time taken for batch 77 is 0.5263934135437012s
Time taken for batch 78 is 0.5257151126861572s
Time taken for batch 79 is 0.5263957977294922s
Time taken for batch 80 is 0.5254442691802979s
Time taken for batch 81 is 0.5254011154174805s
Time taken for batch 82 is 0.5272595882415771s
Time taken for batch 83 is 0.5289673805236816s
Time taken for batch 84 is 0.526500940322876s
Time taken for batch 85 is 0.5265319347381592s
Time taken for batch 86 is 0.5267252922058105s
Time taken for batch 87 is 0.5259151458740234s
Time taken for batch 88 is 0.5273873805999756s
Time taken for batch 89 is 0.5270853042602539s
Time taken for batch 90 is 0.5290727615356445s
Time taken for batch 91 is 0.5258805751800537s
Time taken for batch 92 is 0.5290169715881348s
Time taken for batch 93 is 0.5275781154632568s
Time taken for batch 94 is 0.5252771377563477s
Time taken for batch 95 is 0.5255980491638184s
Time taken for batch 96 is 0.5289552211761475s
Time taken for batch 97 is 0.5293211936950684s
Time taken for batch 98 is 0.5292148590087891s
Time taken for batch 99 is 0.527256965637207s
Time taken for batch 100 is 0.5298101902008057s
Time taken for batch 101 is 0.526193380355835s
Time taken for batch 102 is 0.5270040035247803s
Time taken for batch 103 is 0.5286562442779541s
Time taken for batch 104 is 0.5266621112823486s
Time taken for batch 105 is 0.5273957252502441s
Time taken for batch 106 is 0.5262119770050049s
Time taken for batch 107 is 0.5261685848236084s
Time taken for batch 108 is 0.5274593830108643s
Time taken for batch 109 is 0.5314433574676514s
Time taken for batch 110 is 0.5282249450683594s
Time taken for batch 111 is 0.5278868675231934s
Time taken for batch 112 is 0.5281672477722168s
Time taken for batch 113 is 0.5261404514312744s
Time taken for batch 114 is 0.5265910625457764s
Time taken for batch 115 is 0.5274505615234375s
Time taken for batch 116 is 0.5290451049804688s
Time taken for batch 117 is 0.5270681381225586s
Time taken for batch 118 is 0.527752161026001s
Time taken for batch 119 is 0.5275125503540039s
Time taken for batch 120 is 0.526796817779541s
Time taken for batch 121 is 0.5289638042449951s
Time taken for batch 122 is 0.5275740623474121s
Time taken for batch 123 is 0.5262618064880371s
Time taken for batch 124 is 0.5264778137207031s
Time taken for batch 125 is 0.5264782905578613s
Time taken for batch 126 is 0.525364875793457s
Time taken for batch 127 is 0.5290658473968506s
Time taken for batch 128 is 0.5266497135162354s
Time taken for batch 129 is 0.5280678272247314s
Time taken for batch 130 is 0.5268781185150146s
Time taken for batch 131 is 0.5256533622741699s
Time taken for batch 132 is 0.526437520980835s
Time taken for batch 133 is 0.5281269550323486s
Time taken for batch 134 is 0.5284898281097412s
Time taken for batch 135 is 0.5259125232696533s
Time taken for batch 136 is 0.5283088684082031s
Time taken for batch 137 is 0.5274350643157959s
Time taken for batch 138 is 0.5273396968841553s
Time taken for batch 139 is 0.5272548198699951s
Time taken for batch 140 is 0.5279533863067627s
Time taken for batch 141 is 0.5273482799530029s
Time taken for batch 142 is 0.5280232429504395s
Time taken for batch 143 is 0.527834415435791s
Time taken for batch 144 is 0.5274698734283447s
Time taken for batch 145 is 0.5283260345458984s
Time taken for batch 146 is 0.528024435043335s
Time taken for batch 147 is 0.5273370742797852s
Time taken for batch 148 is 0.5278983116149902s
Time taken for batch 149 is 0.5268285274505615s
Time taken for batch 150 is 0.5272719860076904s
Time taken for batch 151 is 0.5278022289276123s
Time taken for batch 152 is 0.527489185333252s
Time taken for batch 153 is 0.5272374153137207s
Time taken for batch 154 is 0.528120756149292s
Time taken for batch 155 is 0.5275018215179443s
Time taken for batch 156 is 0.5274748802185059s
Time taken for batch 157 is 0.528878927230835s
Time taken for batch 158 is 0.5262129306793213s
Time taken for batch 159 is 0.5263767242431641s
Time taken for batch 160 is 0.5280816555023193s
Time taken for batch 161 is 0.5276491641998291s
Time taken for batch 162 is 0.5269484519958496s
Time taken for batch 163 is 0.5257391929626465s
Time taken for batch 164 is 0.5269200801849365s
Time taken for batch 165 is 0.5278728008270264s
Time taken for batch 166 is 0.5277109146118164s
Time taken for batch 167 is 0.524367094039917s
Time taken for batch 168 is 0.525212287902832s
Time taken for batch 169 is 0.5280325412750244s
Time taken for batch 170 is 0.5287973880767822s
Time taken for batch 171 is 0.527106523513794s
Time taken for batch 87 is 0.526829719543457s
Time taken for batch 88 is 0.5268430709838867s
Time taken for batch 89 is 0.5281884670257568s
Time taken for batch 90 is 0.5294463634490967s
Time taken for batch 91 is 0.5262155532836914s
Time taken for batch 92 is 0.5285542011260986s
Time taken for batch 93 is 0.5276358127593994s
Time taken for batch 94 is 0.5251035690307617s
Time taken for batch 95 is 0.5253345966339111s
Time taken for batch 96 is 0.5296478271484375s
Time taken for batch 97 is 0.5293185710906982s
Time taken for batch 98 is 0.5290887355804443s
Time taken for batch 99 is 0.5273051261901855s
Time taken for batch 100 is 0.5295298099517822s
Time taken for batch 101 is 0.5262129306793213s
Time taken for batch 102 is 0.5277166366577148s
Time taken for batch 103 is 0.5274703502655029s
Time taken for batch 104 is 0.5271487236022949s
Time taken for batch 105 is 0.5274457931518555s
Time taken for batch 106 is 0.526134729385376s
Time taken for batch 107 is 0.5253734588623047s
Time taken for batch 108 is 0.5285220146179199s
Time taken for batch 109 is 0.5312404632568359s
Time taken for batch 110 is 0.5287563800811768s
Time taken for batch 111 is 0.5275297164916992s
Time taken for batch 112 is 0.5278801918029785s
Time taken for batch 113 is 0.5267515182495117s
Time taken for batch 114 is 0.5265917778015137s
Time taken for batch 115 is 0.5273916721343994s
Time taken for batch 116 is 0.529160737991333s
Time taken for batch 117 is 0.5267632007598877s
Time taken for batch 118 is 0.5277044773101807s
Time taken for batch 119 is 0.5273234844207764s
Time taken for batch 120 is 0.5271766185760498s
Time taken for batch 121 is 0.5285999774932861s
Time taken for batch 122 is 0.5274243354797363s
Time taken for batch 123 is 0.526193380355835s
Time taken for batch 124 is 0.5260238647460938s
Time taken for batch 125 is 0.526669979095459s
Time taken for batch 126 is 0.5253884792327881s
Time taken for batch 127 is 0.5279579162597656s
Time taken for batch 128 is 0.5278055667877197s
Time taken for batch 129 is 0.5282211303710938s
Time taken for batch 130 is 0.5269238948822021s
Time taken for batch 131 is 0.5255560874938965s
Time taken for batch 132 is 0.5264303684234619s
Time taken for batch 133 is 0.5276999473571777s
Time taken for batch 134 is 0.5291805267333984s
Time taken for batch 135 is 0.5260496139526367s
Time taken for batch 136 is 0.5282027721405029s
Time taken for batch 137 is 0.5275449752807617s
Time taken for batch 138 is 0.5268309116363525s
Time taken for batch 139 is 0.5273079872131348s
Time taken for batch 140 is 0.5279278755187988s
Time taken for batch 141 is 0.5275993347167969s
Time taken for batch 142 is 0.527656078338623s
Time taken for batch 143 is 0.5280096530914307s
Time taken for batch 144 is 0.5273323059082031s
Time taken for batch 145 is 0.5279018878936768s
Time taken for batch 146 is 0.5283463001251221s
Time taken for batch 147 is 0.5271129608154297s
Time taken for batch 148 is 0.528141975402832s
Time taken for batch 149 is 0.5268151760101318s
Time taken for batch 150 is 0.5275208950042725s
Time taken for batch 151 is 0.5284314155578613s
Time taken for batch 152 is 0.5256638526916504s
Time taken for batch 153 is 0.5270709991455078s
Time taken for batch 154 is 0.5285811424255371s
Time taken for batch 155 is 0.5276405811309814s
Time taken for batch 156 is 0.5275871753692627s
Time taken for batch 157 is 0.5285918712615967s
Time taken for batch 158 is 0.5262539386749268s
Time taken for batch 159 is 0.5268895626068115s
Time taken for batch 160 is 0.527712345123291s
Time taken for batch 161 is 0.5275099277496338s
Time taken for batch 162 is 0.5270626544952393s
Time taken for batch 163 is 0.5258810520172119s
Time taken for batch 164 is 0.5266833305358887s
Time taken for batch 165 is 0.5276846885681152s
Time taken for batch 166 is 0.5277228355407715s
Time taken for batch 167 is 0.5244045257568359s
Time taken for batch 168 is 0.5252821445465088s
Time taken for batch 169 is 0.5281376838684082s
Time taken for batch 170 is 0.5284485816955566s
Time taken for batch 171 is 0.5281224250793457s
Time taken for batch 87 is 0.5268020629882812s
Time taken for batch 88 is 0.5267996788024902s
Time taken for batch 89 is 0.5276854038238525s
Time taken for batch 90 is 0.5297560691833496s
Time taken for batch 91 is 0.5245602130889893s
Time taken for batch 92 is 0.5295538902282715s
Time taken for batch 93 is 0.5276241302490234s
Time taken for batch 94 is 0.5243618488311768s
Time taken for batch 95 is 0.5249743461608887s
Time taken for batch 96 is 0.5302319526672363s
Time taken for batch 97 is 0.5279495716094971s
Time taken for batch 98 is 0.528836727142334s
Time taken for batch 99 is 0.5271098613739014s
Time taken for batch 100 is 0.5295658111572266s
Time taken for batch 101 is 0.5259771347045898s
Time taken for batch 102 is 0.5263993740081787s
Time taken for batch 103 is 0.5288605690002441s
Time taken for batch 104 is 0.5267758369445801s
Time taken for batch 105 is 0.5266246795654297s
Time taken for batch 106 is 0.5261952877044678s
Time taken for batch 107 is 0.5258574485778809s
Time taken for batch 108 is 0.5276014804840088s
Time taken for batch 109 is 0.530158519744873s
Time taken for batch 110 is 0.5282037258148193s
Time taken for batch 111 is 0.5278937816619873s
Time taken for batch 112 is 0.5280628204345703s
Time taken for batch 113 is 0.5256578922271729s
Time taken for batch 114 is 0.5264670848846436s
Time taken for batch 115 is 0.5273692607879639s
Time taken for batch 116 is 0.5280947685241699s
Time taken for batch 117 is 0.5275518894195557s
Time taken for batch 118 is 0.5273966789245605s
Time taken for batch 119 is 0.526993989944458s
Time taken for batch 120 is 0.5269780158996582s
Time taken for batch 121 is 0.5282747745513916s
Time taken for batch 122 is 0.5275044441223145s
Time taken for batch 123 is 0.5251355171203613s
Time taken for batch 124 is 0.5269405841827393s
Time taken for batch 125 is 0.5262749195098877s
Time taken for batch 126 is 0.5252275466918945s
Time taken for batch 127 is 0.527806282043457s
Time taken for batch 128 is 0.5274326801300049s
Time taken for batch 129 is 0.5280938148498535s
Time taken for batch 130 is 0.526019811630249s
Time taken for batch 131 is 0.5257179737091064s
Time taken for batch 132 is 0.526818037033081s
Time taken for batch 133 is 0.5278511047363281s
Time taken for batch 134 is 0.5281131267547607s
Time taken for batch 135 is 0.5260210037231445s
Time taken for batch 136 is 0.5278744697570801s
Time taken for batch 137 is 0.5272078514099121s
Time taken for batch 138 is 0.5268616676330566s
Time taken for batch 139 is 0.5270729064941406s
Time taken for batch 140 is 0.5274877548217773s
Time taken for batch 141 is 0.5270943641662598s
Time taken for batch 142 is 0.5274934768676758s
Time taken for batch 143 is 0.5273988246917725s
Time taken for batch 144 is 0.527451753616333s
Time taken for batch 145 is 0.5276224613189697s
Time taken for batch 146 is 0.5281586647033691s
Time taken for batch 147 is 0.5272471904754639s
Time taken for batch 148 is 0.5268681049346924s
Time taken for batch 149 is 0.5274851322174072s
Time taken for batch 150 is 0.5272650718688965s
Time taken for batch 151 is 0.5268259048461914s
Time taken for batch 152 is 0.5273904800415039s
Time taken for batch 153 is 0.5267713069915771s
Time taken for batch 154 is 0.5279428958892822s
Time taken for batch 155 is 0.5271425247192383s
Time taken for batch 156 is 0.5282692909240723s
Time taken for batch 157 is 0.5261008739471436s
Time taken for batch 158 is 0.5263023376464844s
Time taken for batch 159 is 0.5267355442047119s
Time taken for batch 160 is 0.5270819664001465s
Time taken for batch 161 is 0.5280780792236328s
Time taken for batch 162 is 0.5257973670959473s
Time taken for batch 163 is 0.5261478424072266s
Time taken for batch 164 is 0.5266289710998535s
Time taken for batch 165 is 0.5273356437683105s
Time taken for batch 166 is 0.5271391868591309s
Time taken for batch 167 is 0.5251743793487549s
Time taken for batch 168 is 0.5242516994476318s
Time taken for batch 169 is 0.5282208919525146s
Time taken for batch 170 is 0.5279290676116943s
Time taken for batch 171 is 0.5275125503540039s
Time taken for batch 172 is 0.5282063484191895s
Time taken for batch 172 is 0.5282890796661377s
Time taken for batch 172 is 0.5282752513885498s
Time taken for batch 0 is 8.627396821975708s
Time taken for batch 1 is 0.5770313739776611s
Time taken for batch 2 is 0.5288293361663818s
Time taken for batch 3 is 0.5255541801452637s
Time taken for batch 4 is 0.525310754776001s
Time taken for batch 5 is 0.524876594543457s
Time taken for batch 6 is 0.5267281532287598s
Time taken for batch 7 is 0.5277893543243408s
Time taken for batch 8 is 0.5248408317565918s
Time taken for batch 9 is 0.526674747467041s
Time taken for batch 10 is 0.5243797302246094s
Time taken for batch 11 is 0.5237762928009033s
Time taken for batch 12 is 0.5253345966339111s
Time taken for batch 13 is 0.5268452167510986s
Time taken for batch 14 is 0.5333530902862549s
Time taken for batch 15 is 0.5273129940032959s
Time taken for batch 16 is 0.5280594825744629s
Time taken for batch 17 is 0.5279693603515625s
Time taken for batch 18 is 0.525130033493042s
Time taken for batch 19 is 0.5250561237335205s
Time taken for batch 20 is 0.5248568058013916s
Time taken for batch 21 is 0.5264401435852051s
Time taken for batch 22 is 0.5264499187469482s
Time taken for batch 23 is 0.5256397724151611s
Time taken for batch 24 is 0.5268099308013916s
Time taken for batch 25 is 0.5263481140136719s
Time taken for batch 26 is 0.5272729396820068s
Time taken for batch 27 is 0.5267736911773682s
Time taken for batch 28 is 0.5263721942901611s
Time taken for batch 29 is 0.5252535343170166s
Time taken for batch 30 is 0.5251593589782715s
Time taken for batch 31 is 0.527714729309082s
Time taken for batch 32 is 0.5300600528717041s
Time taken for batch 33 is 0.5309121608734131s
Time taken for batch 34 is 0.5301723480224609s
Time taken for batch 35 is 0.5266482830047607s
Time taken for batch 36 is 0.5293722152709961s
Time taken for batch 37 is 0.5276257991790771s
Time taken for batch 38 is 0.5276181697845459s
Time taken for batch 39 is 0.529428243637085s
Time taken for batch 40 is 0.5271379947662354s
Time taken for batch 41 is 0.5305836200714111s
Time taken for batch 42 is 0.5269992351531982s
Time taken for batch 43 is 0.5277471542358398s
Time taken for batch 44 is 0.527634859085083s
Time taken for batch 45 is 0.5285282135009766s
Time taken for batch 46 is 0.526932954788208s
Time taken for batch 47 is 0.5275051593780518s
Time taken for batch 48 is 0.5285196304321289s
Time taken for batch 49 is 0.5292356014251709s
Time taken for batch 50 is 0.5271627902984619s
Time taken for batch 51 is 0.5274629592895508s
Time taken for batch 52 is 0.5264990329742432s
Time taken for batch 53 is 0.5264413356781006s
Time taken for batch 54 is 0.5268757343292236s
Time taken for batch 55 is 0.5257761478424072s
Time taken for batch 56 is 0.524510383605957s
Time taken for batch 57 is 0.5251500606536865s
Time taken for batch 58 is 0.526141881942749s
Time taken for batch 59 is 0.5248315334320068s
Time taken for batch 60 is 0.5254073143005371s
Time taken for batch 61 is 0.5275475978851318s
Time taken for batch 62 is 0.5275223255157471s
Time taken for batch 63 is 0.5271530151367188s
Time taken for batch 64 is 0.5282711982727051s
Time taken for batch 65 is 0.5256321430206299s
Time taken for batch 66 is 0.528062105178833s
Time taken for batch 67 is 0.5257430076599121s
Time taken for batch 68 is 0.5274999141693115s
Time taken for batch 69 is 0.5278739929199219s
Time taken for batch 70 is 0.5268294811248779s
Time taken for batch 71 is 0.5279467105865479s
Time taken for batch 72 is 0.5275712013244629s
Time taken for batch 73 is 0.5260276794433594s
Time taken for batch 74 is 0.5271925926208496s
Time taken for batch 75 is 0.5277256965637207s
Time taken for batch 76 is 0.5262901782989502s
Time taken for batch 77 is 0.5263984203338623s
Time taken for batch 78 is 0.5262486934661865s
Time taken for batch 79 is 0.5263535976409912s
Time taken for batch 80 is 0.5259428024291992s
Time taken for batch 81 is 0.5263855457305908s
Time taken for batch 82 is 0.5291674137115479s
Time taken for batch 83 is 0.5259852409362793s
Time taken for batch 84 is 0.5259108543395996s
Time taken for batch 85 is 0.5279994010925293s
Time taken for batch 86 is 0.5267443656921387s
Time taken for batch 87 is 0.5269045829772949s
Time taken for batch 88 is 0.5277359485626221s
Time taken for batch 89 is 0.5302231311798096s
Time taken for batch 90 is 0.5263466835021973s
Time taken for batch 91 is 0.5251810550689697s
Time taken for batch 92 is 0.5298397541046143s
Time taken for batch 93 is 0.5276172161102295s
Time taken for batch 94 is 0.5251381397247314s
Time taken for batch 95 is 0.5264585018157959s
Time taken for batch 96 is 0.5277447700500488s
Time taken for batch 97 is 0.5295774936676025s
Time taken for batch 98 is 0.528872013092041s
Time taken for batch 99 is 0.5280601978302002s
Time taken for batch 100 is 0.530484676361084s
Time taken for batch 101 is 0.5243880748748779s
Time taken for batch 102 is 0.5274741649627686s
Time taken for batch 103 is 0.5289554595947266s
Time taken for batch 104 is 0.5259983539581299s
Time taken for batch 105 is 0.5279788970947266s
Time taken for batch 106 is 0.5261070728302002s
Time taken for batch 107 is 0.5262284278869629s
Time taken for batch 108 is 0.5298542976379395s
Time taken for batch 109 is 0.53023362159729s
Time taken for batch 110 is 0.526080846786499s
Time taken for batch 111 is 0.5283262729644775s
Time taken for batch 112 is 0.5283868312835693s
Time taken for batch 113 is 0.5260112285614014s
Time taken for batch 114 is 0.5268964767456055s
Time taken for batch 115 is 0.5275800228118896s
Time taken for batch 116 is 0.5290160179138184s
Time taken for batch 117 is 0.5276443958282471s
Time taken for batch 118 is 0.5270781517028809s
Time taken for batch 119 is 0.5271050930023193s
Time taken for batch 120 is 0.5274724960327148s
Time taken for batch 121 is 0.5285449028015137s
Time taken for batch 122 is 0.5273394584655762s
Time taken for batch 123 is 0.5262594223022461s
Time taken for batch 124 is 0.526383638381958s
Time taken for batch 125 is 0.526684045791626s
Time taken for batch 126 is 0.5258755683898926s
Time taken for batch 127 is 0.5266993045806885s
Time taken for batch 128 is 0.5286300182342529s
Time taken for batch 129 is 0.5281181335449219s
Time taken for batch 130 is 0.5269193649291992s
Time taken for batch 131 is 0.5256984233856201s
Time taken for batch 132 is 0.5267813205718994s
Time taken for batch 133 is 0.5280909538269043s
Time taken for batch 134 is 0.5283308029174805s
Time taken for batch 135 is 0.5256547927856445s
Time taken for batch 136 is 0.5286574363708496s
Time taken for batch 137 is 0.5274724960327148s
Time taken for batch 138 is 0.5272789001464844s
Time taken for batch 139 is 0.5273723602294922s
Time taken for batch 140 is 0.5281877517700195s
Time taken for batch 141 is 0.5274808406829834s
Time taken for batch 142 is 0.5281474590301514s
Time taken for batch 143 is 0.5265860557556152s
Time taken for batch 144 is 0.527796745300293s
Time taken for batch 145 is 0.527524471282959s
Time taken for batch 146 is 0.5284004211425781s
Time taken for batch 147 is 0.5274193286895752s
Time taken for batch 148 is 0.5284132957458496s
Time taken for batch 149 is 0.5262119770050049s
Time taken for batch 150 is 0.5284686088562012s
Time taken for batch 151 is 0.527306318283081s
Time taken for batch 152 is 0.5263500213623047s
Time taken for batch 153 is 0.5276174545288086s
Time taken for batch 154 is 0.5285360813140869s
Time taken for batch 155 is 0.5273783206939697s
Time taken for batch 156 is 0.5289037227630615s
Time taken for batch 157 is 0.5262248516082764s
Time taken for batch 158 is 0.5266096591949463s
Time taken for batch 159 is 0.5272960662841797s
Time taken for batch 160 is 0.5267946720123291s
Time taken for batch 161 is 0.5286538600921631s
Time taken for batch 162 is 0.5258936882019043s
Time taken for batch 163 is 0.5269088745117188s
Time taken for batch 164 is 0.5262727737426758s
Time taken for batch 165 is 0.5281894207000732s
Time taken for batch 166 is 0.5272021293640137s
Time taken for batch 167 is 0.5255584716796875s
Time taken for batch 168 is 0.5244021415710449s
Time taken for batch 169 is 0.5279490947723389s
Time taken for batch 170 is 0.53121018409729s
Time taken for batch 171 is 0.5258944034576416s
Time taken for batch 172 is 0.5305764675140381s
