Tue Aug 27 22:28:17 2024       
+-----------------------------------------------------------------------------+
| NVIDIA-SMI 525.105.17   Driver Version: 525.105.17   CUDA Version: 12.2     |
|-------------------------------+----------------------+----------------------+
| GPU  Name        Persistence-M| Bus-Id        Disp.A | Volatile Uncorr. ECC |
| Fan  Temp  Perf  Pwr:Usage/Cap|         Memory-Usage | GPU-Util  Compute M. |
|                               |                      |               MIG M. |
|===============================+======================+======================|
|   0  NVIDIA A100-SXM...  On   | 00000000:03:00.0 Off |                    0 |
| N/A   31C    P0    50W / 400W |      0MiB / 40960MiB |      0%      Default |
|                               |                      |             Disabled |
+-------------------------------+----------------------+----------------------+
|   1  NVIDIA A100-SXM...  On   | 00000000:41:00.0 Off |                    0 |
| N/A   30C    P0    50W / 400W |      0MiB / 40960MiB |      0%      Default |
|                               |                      |             Disabled |
+-------------------------------+----------------------+----------------------+
|   2  NVIDIA A100-SXM...  On   | 00000000:82:00.0 Off |                    0 |
| N/A   31C    P0    50W / 400W |      0MiB / 40960MiB |      0%      Default |
|                               |                      |             Disabled |
+-------------------------------+----------------------+----------------------+
|   3  NVIDIA A100-SXM...  On   | 00000000:C1:00.0 Off |                    0 |
| N/A   30C    P0    50W / 400W |      0MiB / 40960MiB |      0%      Default |
|                               |                      |             Disabled |
+-------------------------------+----------------------+----------------------+
                                                                               
+-----------------------------------------------------------------------------+
| Processes:                                                                  |
|  GPU   GI   CI        PID   Type   Process name                  GPU Memory |
|        ID   ID                                                   Usage      |
|=============================================================================|
|  No running processes found                                                 |
+-----------------------------------------------------------------------------+
WORLD_SIZE: 1, GLOBAL_RANK: 0
model initialized
Data Loaded
Dataloaders created
Local Rank: 0
Training starts
Time taken for batch 0 is 6.7403013706207275s
Time taken for batch 1 is 0.36206603050231934s
Time taken for batch 2 is 0.1870441436767578s
Time taken for batch 3 is 0.18520712852478027s
Time taken for batch 4 is 0.18706107139587402s
Time taken for batch 5 is 0.18685126304626465s
Time taken for batch 6 is 0.1874070167541504s
Time taken for batch 7 is 0.18674778938293457s
Time taken for batch 8 is 0.18641996383666992s
Time taken for batch 9 is 0.1877453327178955s
Time taken for batch 10 is 0.1876976490020752s
Time taken for batch 11 is 0.18793797492980957s
Time taken for batch 12 is 0.18798208236694336s
Time taken for batch 13 is 0.18714165687561035s
Time taken for batch 14 is 0.18767952919006348s
Time taken for batch 15 is 0.18804407119750977s
Time taken for batch 16 is 0.1864173412322998s
Time taken for batch 17 is 0.18516874313354492s
Time taken for batch 18 is 0.1875910758972168s
Time taken for batch 19 is 0.18831133842468262s
Time taken for batch 20 is 0.18766379356384277s
Time taken for batch 21 is 0.18761444091796875s
Time taken for batch 22 is 0.18712449073791504s
Time taken for batch 23 is 0.1879415512084961s
Time taken for batch 24 is 0.18734502792358398s
Time taken for batch 25 is 0.18755650520324707s
Time taken for batch 26 is 0.1872422695159912s
Time taken for batch 27 is 0.18778634071350098s
Time taken for batch 28 is 0.1876204013824463s
Time taken for batch 29 is 0.187361478805542s
Time taken for batch 30 is 0.18758916854858398s
Time taken for batch 31 is 0.18786263465881348s
Time taken for batch 32 is 0.18774962425231934s
Time taken for batch 33 is 0.1874399185180664s
Time taken for batch 34 is 0.18745207786560059s
Time taken for batch 35 is 0.18819212913513184s
Time taken for batch 36 is 0.18716955184936523s
Time taken for batch 37 is 0.1875288486480713s
Time taken for batch 38 is 0.18712186813354492s
Time taken for batch 39 is 0.18792986869812012s
Time taken for batch 40 is 0.18773269653320312s
Time taken for batch 41 is 0.18781137466430664s
Time taken for batch 42 is 0.18782377243041992s
Time taken for batch 43 is 0.18815040588378906s
Time taken for batch 44 is 0.18719220161437988s
Time taken for batch 45 is 0.18782424926757812s
Time taken for batch 46 is 0.18727469444274902s
Time taken for batch 47 is 0.18755650520324707s
Time taken for batch 48 is 0.18748855590820312s
Time taken for batch 49 is 0.18732047080993652s
Time taken for batch 50 is 0.18738961219787598s
Time taken for batch 51 is 0.18796634674072266s
Time taken for batch 52 is 0.18743395805358887s
Time taken for batch 53 is 0.18768048286437988s
Time taken for batch 54 is 0.1877119541168213s
Time taken for batch 55 is 0.18821287155151367s
Time taken for batch 56 is 0.1874547004699707s
Time taken for batch 57 is 0.1873769760131836s
Time taken for batch 58 is 0.18764233589172363s
Time taken for batch 59 is 0.18807029724121094s
Time taken for batch 60 is 0.18752479553222656s
Time taken for batch 61 is 0.18756532669067383s
Time taken for batch 62 is 0.18761014938354492s
Time taken for batch 63 is 0.18763971328735352s
Time taken for batch 64 is 0.18743515014648438s
Time taken for batch 65 is 0.1875460147857666s
Time taken for batch 66 is 0.18746042251586914s
Time taken for batch 67 is 0.18810081481933594s
Time taken for batch 68 is 0.18780183792114258s
Time taken for batch 69 is 0.18724274635314941s
Time taken for batch 70 is 0.18759918212890625s
Time taken for batch 71 is 0.18733835220336914s
Time taken for batch 72 is 0.18765616416931152s
Time taken for batch 73 is 0.18745779991149902s
Time taken for batch 74 is 0.18735361099243164s
Time taken for batch 75 is 0.1874098777770996s
Time taken for batch 76 is 0.18773698806762695s
Time taken for batch 77 is 0.18698525428771973s
Time taken for batch 78 is 0.18808221817016602s
Time taken for batch 79 is 0.18794941902160645s
Time taken for batch 80 is 0.18774151802062988s
Time taken for batch 81 is 0.18809294700622559s
Time taken for batch 82 is 0.18727660179138184s
Time taken for batch 83 is 0.1879279613494873s
Time taken for batch 84 is 0.18784713745117188s
Time taken for batch 85 is 0.18665766716003418s
Time taken for batch 86 is 0.18818211555480957s
Time taken for batch 87 is 0.18777132034301758s
Time taken for batch 88 is 0.1868133544921875s
Time taken for batch 89 is 0.18507099151611328s
Time taken for batch 90 is 0.18802475929260254s
Time taken for batch 91 is 0.18816328048706055s
Time taken for batch 92 is 0.1876537799835205s
Time taken for batch 93 is 0.1877741813659668s
Time taken for batch 94 is 0.18758440017700195s
Time taken for batch 95 is 0.18753504753112793s
Time taken for batch 96 is 0.18757176399230957s
Time taken for batch 97 is 0.18769001960754395s
Time taken for batch 98 is 0.18782401084899902s
Time taken for batch 99 is 0.1874556541442871s
Time taken for batch 100 is 0.1871790885925293s
Time taken for batch 101 is 0.1875004768371582s
Time taken for batch 102 is 0.18758606910705566s
Time taken for batch 103 is 0.1881263256072998s
Time taken for batch 104 is 0.18720245361328125s
Time taken for batch 105 is 0.18809080123901367s
Time taken for batch 106 is 0.18704581260681152s
Time taken for batch 107 is 0.18645048141479492s
Time taken for batch 108 is 0.1873619556427002s
Time taken for batch 109 is 0.1870253086090088s
Time taken for batch 110 is 0.18838238716125488s
Time taken for batch 111 is 0.1874096393585205s
Time taken for batch 112 is 0.18780899047851562s
Time taken for batch 113 is 0.18750429153442383s
Time taken for batch 114 is 0.1878504753112793s
Time taken for batch 115 is 0.18734526634216309s
Time taken for batch 116 is 0.1876518726348877s
Time taken for batch 117 is 0.1878972053527832s
Time taken for batch 118 is 0.1874985694885254s
Time taken for batch 119 is 0.18729591369628906s
Time taken for batch 120 is 0.18718338012695312s
Time taken for batch 121 is 0.1872103214263916s
Time taken for batch 122 is 0.18803858757019043s
Time taken for batch 123 is 0.1874711513519287s
Time taken for batch 124 is 0.1876516342163086s
Time taken for batch 125 is 0.18661880493164062s
Time taken for batch 126 is 0.18779635429382324s
Time taken for batch 127 is 0.18746042251586914s
Time taken for batch 128 is 0.1876068115234375s
Time taken for batch 129 is 0.18785405158996582s
Time taken for batch 130 is 0.18823719024658203s
Time taken for batch 131 is 0.18760442733764648s
Time taken for batch 132 is 0.18772578239440918s
Time taken for batch 133 is 0.18758392333984375s
Time taken for batch 134 is 0.18769311904907227s
Time taken for batch 135 is 0.18787097930908203s
Time taken for batch 136 is 0.18752121925354004s
Time taken for batch 137 is 0.18730616569519043s
Time taken for batch 138 is 0.18756318092346191s
Time taken for batch 139 is 0.1876366138458252s
Time taken for batch 140 is 0.18753266334533691s
Time taken for batch 141 is 0.18843746185302734s
Time taken for batch 142 is 0.18768000602722168s
Time taken for batch 143 is 0.1872251033782959s
Time taken for batch 144 is 0.18772029876708984s
Time taken for batch 145 is 0.18723750114440918s
Time taken for batch 146 is 0.18781638145446777s
Time taken for batch 147 is 0.18781256675720215s
Time taken for batch 148 is 0.18732476234436035s
Time taken for batch 149 is 0.18781137466430664s
Time taken for batch 150 is 0.18738341331481934s
Time taken for batch 151 is 0.186140775680542s
Time taken for batch 152 is 0.18604183197021484s
Time taken for batch 153 is 0.1880040168762207s
Time taken for batch 154 is 0.18762469291687012s
Time taken for batch 155 is 0.186356782913208s
Time taken for batch 156 is 0.18463587760925293s
Time taken for batch 157 is 0.18760108947753906s
Time taken for batch 158 is 0.1874537467956543s
Time taken for batch 159 is 0.18778038024902344s
Time taken for batch 160 is 0.1882011890411377s
Time taken for batch 161 is 0.18769502639770508s
Time taken for batch 162 is 0.1874675750732422s
Time taken for batch 163 is 0.18745636940002441s
Time taken for batch 164 is 0.1877896785736084s
Time taken for batch 165 is 0.1872406005859375s
Time taken for batch 166 is 0.18816447257995605s
Time taken for batch 167 is 0.18798255920410156s
Time taken for batch 168 is 0.18766093254089355s
Time taken for batch 169 is 0.18772602081298828s
Time taken for batch 170 is 0.18755006790161133s
Time taken for batch 171 is 0.18764805793762207s
Time taken for batch 172 is 0.1879103183746338s
Time taken for batch 173 is 0.18833065032958984s
Time taken for batch 174 is 0.18825960159301758s
Time taken for batch 175 is 0.1877574920654297s
Time taken for batch 176 is 0.1874866485595703s
Time taken for batch 177 is 0.18687868118286133s
Time taken for batch 178 is 0.18698573112487793s
Time taken for batch 179 is 0.18787193298339844s
Time taken for batch 180 is 0.18792223930358887s
Time taken for batch 181 is 0.18764996528625488s
Time taken for batch 182 is 0.18773436546325684s
Time taken for batch 183 is 0.18839693069458008s
Time taken for batch 184 is 0.1871931552886963s
Time taken for batch 185 is 0.1882481575012207s
Time taken for batch 186 is 0.18671584129333496s
Time taken for batch 187 is 0.18726181983947754s
Time taken for batch 188 is 0.1880509853363037s
Time taken for batch 189 is 0.1879289150238037s
Time taken for batch 190 is 0.18788647651672363s
Time taken for batch 191 is 0.1876680850982666s
Time taken for batch 192 is 0.1873157024383545s
Time taken for batch 193 is 0.18758583068847656s
Time taken for batch 194 is 0.18703246116638184s
Time taken for batch 195 is 0.18796277046203613s
Time taken for batch 196 is 0.18738126754760742s
Time taken for batch 197 is 0.18753957748413086s
Time taken for batch 198 is 0.1875598430633545s
Time taken for batch 199 is 0.18793988227844238s
Time taken for batch 200 is 0.1872262954711914s
Time taken for batch 201 is 0.1876981258392334s
Time taken for batch 202 is 0.1873173713684082s
Time taken for batch 203 is 0.18804025650024414s
Time taken for batch 204 is 0.1878037452697754s
Time taken for batch 205 is 0.1870875358581543s
Time taken for batch 206 is 0.18749690055847168s
Time taken for batch 207 is 0.18792963027954102s
Time taken for batch 208 is 0.1875448226928711s
Time taken for batch 209 is 0.18746423721313477s
Time taken for batch 210 is 0.18729543685913086s
Time taken for batch 211 is 0.18790721893310547s
Time taken for batch 212 is 0.18754196166992188s
Time taken for batch 213 is 0.1874861717224121s
Time taken for batch 214 is 0.18706035614013672s
Time taken for batch 215 is 0.18763256072998047s
Time taken for batch 216 is 0.18761014938354492s
Time taken for batch 217 is 0.1871476173400879s
Time taken for batch 218 is 0.18720698356628418s
Time taken for batch 219 is 0.18773579597473145s
Time taken for batch 220 is 0.18745923042297363s
Time taken for batch 221 is 0.1875293254852295s
Time taken for batch 222 is 0.18721747398376465s
Time taken for batch 223 is 0.18663787841796875s
Time taken for batch 224 is 0.18749141693115234s
Time taken for batch 225 is 0.18756365776062012s
Time taken for batch 226 is 0.1877756118774414s
Time taken for batch 227 is 0.18772387504577637s
Time taken for batch 228 is 0.18758797645568848s
Time taken for batch 229 is 0.18793630599975586s
Time taken for batch 230 is 0.18700957298278809s
Time taken for batch 231 is 0.1876053810119629s
Time taken for batch 232 is 0.18774652481079102s
Time taken for batch 233 is 0.18754911422729492s
Time taken for batch 234 is 0.1874687671661377s
Time taken for batch 235 is 0.18758630752563477s
Time taken for batch 236 is 0.18785905838012695s
Time taken for batch 237 is 0.1877298355102539s
Time taken for batch 238 is 0.18799829483032227s
Time taken for batch 239 is 0.18762946128845215s
Time taken for batch 240 is 0.18765854835510254s
Time taken for batch 241 is 0.18746209144592285s
Time taken for batch 242 is 0.18766069412231445s
Time taken for batch 243 is 0.18734478950500488s
Time taken for batch 244 is 0.18790006637573242s
Time taken for batch 245 is 0.1873023509979248s
Time taken for batch 246 is 0.1876068115234375s
Time taken for batch 247 is 0.18648910522460938s
Time taken for batch 248 is 0.18734145164489746s
Time taken for batch 249 is 0.18748044967651367s
Time taken for batch 250 is 0.18754982948303223s
Time taken for batch 251 is 0.18741917610168457s
Time taken for batch 252 is 0.18825387954711914s
Time taken for batch 253 is 0.18755221366882324s
Time taken for batch 254 is 0.18761181831359863s
Time taken for batch 255 is 0.1880488395690918s
Time taken for batch 256 is 0.18766260147094727s
Time taken for batch 257 is 0.18798208236694336s
Time taken for batch 258 is 0.18731212615966797s
Time taken for batch 259 is 0.18738770484924316s
Time taken for batch 260 is 0.18789124488830566s
Time taken for batch 261 is 0.1879260540008545s
Time taken for batch 262 is 0.18770527839660645s
Time taken for batch 263 is 0.18692970275878906s
Time taken for batch 264 is 0.1876354217529297s
Time taken for batch 265 is 0.18801593780517578s
Time taken for batch 266 is 0.1856064796447754s
Time taken for batch 267 is 0.1880931854248047s
Time taken for batch 268 is 0.18731284141540527s
Time taken for batch 269 is 0.18732190132141113s
Time taken for batch 270 is 0.1872868537902832s
Time taken for batch 271 is 0.1866440773010254s
Time taken for batch 272 is 0.18782281875610352s
Time taken for batch 273 is 0.18739819526672363s
Time taken for batch 274 is 0.1876204013824463s
Time taken for batch 275 is 0.18767881393432617s
Time taken for batch 276 is 0.18764543533325195s
Time taken for batch 277 is 0.18727684020996094s
Time taken for batch 278 is 0.18782448768615723s
Time taken for batch 279 is 0.18705105781555176s
Time taken for batch 280 is 0.18706679344177246s
Time taken for batch 281 is 0.1870570182800293s
Time taken for batch 282 is 0.18651270866394043s
Time taken for batch 283 is 0.18704819679260254s
Time taken for batch 284 is 0.18784427642822266s
Time taken for batch 285 is 0.1871318817138672s
Time taken for batch 286 is 0.18747401237487793s
Time taken for batch 287 is 0.1874375343322754s
Time taken for batch 288 is 0.18759846687316895s
Time taken for batch 289 is 0.1872713565826416s
Time taken for batch 290 is 0.1875007152557373s
Time taken for batch 291 is 0.18790125846862793s
Time taken for batch 292 is 0.18747425079345703s
Time taken for batch 293 is 0.18775391578674316s
Time taken for batch 294 is 0.18730401992797852s
Time taken for batch 295 is 0.18703389167785645s
Time taken for batch 296 is 0.1882028579711914s
Time taken for batch 297 is 0.1874864101409912s
Time taken for batch 298 is 0.18784689903259277s
Time taken for batch 299 is 0.18787407875061035s
Time taken for batch 300 is 0.1873946189880371s
Time taken for batch 301 is 0.18767070770263672s
Time taken for batch 302 is 0.18750524520874023s
Time taken for batch 303 is 0.18755459785461426s
Time taken for batch 304 is 0.187575101852417s
Time taken for batch 305 is 0.18746161460876465s
Time taken for batch 306 is 0.18724822998046875s
Time taken for batch 307 is 0.18724298477172852s
Time taken for batch 308 is 0.18651437759399414s
Time taken for batch 309 is 0.187669038772583s
Time taken for batch 310 is 0.18715691566467285s
Time taken for batch 311 is 0.1874556541442871s
Time taken for batch 312 is 0.18755674362182617s
Time taken for batch 313 is 0.1871471405029297s
Time taken for batch 314 is 0.18735694885253906s
Time taken for batch 315 is 0.187363862991333s
Time taken for batch 316 is 0.18763208389282227s
Time taken for batch 317 is 0.18733835220336914s
Time taken for batch 318 is 0.18737506866455078s
Time taken for batch 319 is 0.18598103523254395s
Time taken for batch 320 is 0.18516826629638672s
Time taken for batch 321 is 0.18623828887939453s
Time taken for batch 322 is 0.18758130073547363s
Time taken for batch 323 is 0.18710684776306152s
Time taken for batch 324 is 0.18786287307739258s
Time taken for batch 325 is 0.18784070014953613s
Time taken for batch 326 is 0.1873307228088379s
Time taken for batch 327 is 0.1874527931213379s
Time taken for batch 328 is 0.1861591339111328s
Time taken for batch 329 is 0.18713164329528809s
Time taken for batch 330 is 0.18729829788208008s
Time taken for batch 331 is 0.18740487098693848s
Time taken for batch 332 is 0.18733930587768555s
Time taken for batch 333 is 0.18726325035095215s
Time taken for batch 334 is 0.1878211498260498s
Time taken for batch 335 is 0.18755888938903809s
Time taken for batch 336 is 0.18738126754760742s
Time taken for batch 337 is 0.18727445602416992s
Time taken for batch 338 is 0.18620991706848145s
Time taken for batch 339 is 0.18760275840759277s
Time taken for batch 340 is 0.187469482421875s
Time taken for batch 341 is 0.18743491172790527s
Time taken for batch 342 is 0.18747711181640625s
Time taken for batch 343 is 0.18617701530456543s
Time taken for batch 344 is 0.18702077865600586s
Time taken for batch 345 is 0.18784856796264648s
Time taken for batch 346 is 0.18717026710510254s
Time taken for batch 347 is 0.1882171630859375s
Time taken for batch 348 is 0.18738222122192383s
Time taken for batch 349 is 0.18799352645874023s
Time taken for batch 350 is 0.18726897239685059s
Time taken for batch 351 is 0.18721961975097656s
Time taken for batch 352 is 0.18786215782165527s
Time taken for batch 353 is 0.18737435340881348s
Time taken for batch 354 is 0.18767714500427246s
Time taken for batch 355 is 0.18717002868652344s
Time taken for batch 356 is 0.18743276596069336s
Time taken for batch 357 is 0.1874852180480957s
Time taken for batch 358 is 0.18771719932556152s
Time taken for batch 359 is 0.18724966049194336s
Time taken for batch 360 is 0.1871485710144043s
Time taken for batch 361 is 0.1877269744873047s
Time taken for batch 362 is 0.18753767013549805s
Time taken for batch 363 is 0.18739795684814453s
Time taken for batch 364 is 0.18734955787658691s
Time taken for batch 365 is 0.18729066848754883s
Time taken for batch 366 is 0.18770670890808105s
Time taken for batch 367 is 0.18795394897460938s
Time taken for batch 368 is 0.18715190887451172s
Time taken for batch 369 is 0.18731307983398438s
Time taken for batch 370 is 0.18778562545776367s
Time taken for batch 371 is 0.18747854232788086s
Time taken for batch 372 is 0.1871328353881836s
Time taken for batch 373 is 0.18739843368530273s
Time taken for batch 374 is 0.18706130981445312s
Time taken for batch 375 is 0.1872999668121338s
Time taken for batch 376 is 0.1876842975616455s
Time taken for batch 377 is 0.18785858154296875s
Time taken for batch 378 is 0.18717575073242188s
Time taken for batch 379 is 0.18724751472473145s
Time taken for batch 380 is 0.18722939491271973s
Time taken for batch 381 is 0.18790483474731445s
Time taken for batch 382 is 0.18732857704162598s
Time taken for batch 383 is 0.18747329711914062s
Time taken for batch 384 is 0.18698763847351074s
Time taken for batch 385 is 0.187514066696167s
Time taken for batch 386 is 0.1869189739227295s
Time taken for batch 387 is 0.18700599670410156s
Time taken for batch 388 is 0.18734216690063477s
Time taken for batch 389 is 0.18657326698303223s
Time taken for batch 390 is 0.1864326000213623s
Time taken for batch 391 is 0.18770241737365723s
Time taken for batch 392 is 0.18778204917907715s
Time taken for batch 393 is 0.18620872497558594s
Time taken for batch 394 is 0.18720746040344238s
Time taken for batch 395 is 0.1858689785003662s
Time taken for batch 396 is 0.18605732917785645s
Time taken for batch 397 is 0.18696141242980957s
Time taken for batch 398 is 0.18691468238830566s
Time taken for batch 399 is 0.18617820739746094s
Time taken for batch 400 is 0.18526172637939453s
Time taken for batch 401 is 0.18648076057434082s
Time taken for batch 402 is 0.18719983100891113s
Time taken for batch 403 is 0.18553853034973145s
Time taken for batch 404 is 0.18627381324768066s
Time taken for batch 405 is 0.18805336952209473s
Time taken for batch 406 is 0.18772482872009277s
Time taken for batch 407 is 0.18669819831848145s
Time taken for batch 408 is 0.1868269443511963s
Time taken for batch 409 is 0.187774658203125s
Time taken for batch 410 is 0.18683362007141113s
Time taken for batch 411 is 0.1874833106994629s
Time taken for batch 412 is 0.18771839141845703s
Time taken for batch 413 is 0.18713808059692383s
Time taken for batch 414 is 0.18714356422424316s
Time taken for batch 415 is 0.18582582473754883s
Time taken for batch 416 is 0.18587851524353027s
Time taken for batch 417 is 0.18564200401306152s
Time taken for batch 418 is 0.1868419647216797s
Time taken for batch 419 is 0.18751287460327148s
Time taken for batch 420 is 0.18671083450317383s
Time taken for batch 421 is 0.18645501136779785s
Time taken for batch 422 is 0.18668031692504883s
Time taken for batch 423 is 0.18729257583618164s
Time taken for batch 424 is 0.18773126602172852s
Time taken for batch 425 is 0.1872878074645996s
Time taken for batch 426 is 0.18716979026794434s
Time taken for batch 427 is 0.18743658065795898s
Time taken for batch 428 is 0.18737101554870605s
Time taken for batch 429 is 0.1866931915283203s
Time taken for batch 430 is 0.18571758270263672s
Time taken for batch 431 is 0.18755006790161133s
Time taken for batch 432 is 0.18588519096374512s
Time taken for batch 433 is 0.1862025260925293s
Time taken for batch 434 is 0.1872696876525879s
Time taken for batch 435 is 0.1875135898590088s
Time taken for batch 436 is 0.18722057342529297s
Time taken for batch 437 is 0.18781042098999023s
Time taken for batch 438 is 0.1871957778930664s
Time taken for batch 439 is 0.18739986419677734s
Time taken for batch 440 is 0.1874403953552246s
Time taken for batch 441 is 0.18755865097045898s
Time taken for batch 442 is 0.18519973754882812s
Time taken for batch 443 is 0.18786835670471191s
Time taken for batch 444 is 0.1874382495880127s
Time taken for batch 445 is 0.18714523315429688s
Time taken for batch 446 is 0.18737316131591797s
Time taken for batch 447 is 0.1873922348022461s
Time taken for batch 448 is 0.18732738494873047s
Time taken for batch 449 is 0.18814706802368164s
Time taken for batch 450 is 0.18723678588867188s
Time taken for batch 451 is 0.1876049041748047s
Time taken for batch 452 is 0.1874244213104248s
Time taken for batch 453 is 0.18767547607421875s
Time taken for batch 454 is 0.1877884864807129s
Time taken for batch 455 is 0.18675637245178223s
Time taken for batch 456 is 0.1872856616973877s
Time taken for batch 457 is 0.18727469444274902s
Time taken for batch 458 is 0.1876816749572754s
Time taken for batch 459 is 0.1874241828918457s
Time taken for batch 460 is 0.18688488006591797s
Time taken for batch 461 is 0.18793201446533203s
Time taken for batch 462 is 0.18674135208129883s
Time taken for batch 463 is 0.18744826316833496s
Time taken for batch 464 is 0.18751907348632812s
Time taken for batch 465 is 0.18720769882202148s
Time taken for batch 466 is 0.18773293495178223s
Time taken for batch 467 is 0.18752384185791016s
Time taken for batch 468 is 0.1871030330657959s
Time taken for batch 469 is 0.18766069412231445s
Time taken for batch 470 is 0.18721532821655273s
Time taken for batch 471 is 0.18725800514221191s
Time taken for batch 472 is 0.18725848197937012s
Time taken for batch 473 is 0.18746376037597656s
Time taken for batch 474 is 0.18785786628723145s
Time taken for batch 475 is 0.18726563453674316s
Time taken for batch 476 is 0.18748259544372559s
Time taken for batch 477 is 0.18740534782409668s
Time taken for batch 478 is 0.18752264976501465s
Time taken for batch 479 is 0.18689465522766113s
Time taken for batch 480 is 0.18706750869750977s
Time taken for batch 481 is 0.18697810173034668s
Time taken for batch 482 is 0.1875133514404297s
Time taken for batch 483 is 0.18749666213989258s
Time taken for batch 484 is 0.18726134300231934s
Time taken for batch 485 is 0.18739795684814453s
Time taken for batch 486 is 0.1872410774230957s
Time taken for batch 487 is 0.18739867210388184s
Time taken for batch 488 is 0.18682003021240234s
Time taken for batch 489 is 0.1874699592590332s
Time taken for batch 490 is 0.18732023239135742s
Time taken for batch 491 is 0.18764972686767578s
Time taken for batch 492 is 0.18680095672607422s
Time taken for batch 493 is 0.18764209747314453s
Time taken for batch 494 is 0.1875286102294922s
Time taken for batch 495 is 0.18773365020751953s
Time taken for batch 496 is 0.1876060962677002s
Time taken for batch 497 is 0.18747448921203613s
Time taken for batch 498 is 0.18729114532470703s
Time taken for batch 499 is 0.1873035430908203s
Time taken for batch 500 is 0.18825316429138184s
Time taken for batch 501 is 0.18786120414733887s
Time taken for batch 502 is 0.18738555908203125s
Time taken for batch 503 is 0.18765616416931152s
Time taken for batch 504 is 0.18718814849853516s
Time taken for batch 505 is 0.18788528442382812s
