time="2024-08-26T08:47:58-07:00" level=error msg="Failed to create temp directory for user: mkdir /tmp/containers-user-105785: file exists"
/bin/bash: ml: line 1: syntax error: unexpected end of file
/bin/bash: error importing function definition for `ml'
/bin/bash: module: line 1: syntax error: unexpected end of file
/bin/bash: error importing function definition for `module'
/bin/bash: ml: line 1: syntax error: unexpected end of file
/bin/bash: error importing function definition for `ml'
/bin/bash: module: line 1: syntax error: unexpected end of file
/bin/bash: error importing function definition for `module'
/bin/bash: ml: line 1: syntax error: unexpected end of file
/bin/bash: error importing function definition for `ml'
/bin/bash: module: line 1: syntax error: unexpected end of file
/bin/bash: error importing function definition for `module'
/bin/bash: module: line 1: syntax error: unexpected end of file
/bin/bash: error importing function definition for `module'
/bin/bash: ml: line 1: syntax error: unexpected end of file
/bin/bash: error importing function definition for `ml'

=============
== PyTorch ==
=============

=============
== PyTorch ==
=============

=============
== PyTorch ==
=============

=============
== PyTorch ==
=============

NVIDIA Release 24.05 (build 91431255)
PyTorch Version 2.4.0a0+07cecf4

NVIDIA Release 24.05 (build 91431255)
PyTorch Version 2.4.0a0+07cecf4
Container image Copyright (c) 2024, NVIDIA CORPORATION & AFFILIATES. All rights reserved.
Container image Copyright (c) 2024, NVIDIA CORPORATION & AFFILIATES. All rights reserved.
Copyright (c) 2014-2024 Facebook Inc.
Copyright (c) 2011-2014 Idiap Research Institute (Ronan Collobert)
Copyright (c) 2012-2014 Deepmind Technologies    (Koray Kavukcuoglu)
Copyright (c) 2011-2012 NEC Laboratories America (Koray Kavukcuoglu)
Copyright (c) 2011-2013 NYU                      (Clement Farabet)
Copyright (c) 2006-2010 NEC Laboratories America (Ronan Collobert, Leon Bottou, Iain Melvin, Jason Weston)
Copyright (c) 2006      Idiap Research Institute (Samy Bengio)
Copyright (c) 2001-2004 Idiap Research Institute (Ronan Collobert, Samy Bengio, Johnny Mariethoz)
Copyright (c) 2015      Google Inc.
Copyright (c) 2015      Yangqing Jia
Copyright (c) 2013-2016 The Caffe contributors
All rights reserved.
Copyright (c) 2014-2024 Facebook Inc.
Copyright (c) 2011-2014 Idiap Research Institute (Ronan Collobert)
Copyright (c) 2012-2014 Deepmind Technologies    (Koray Kavukcuoglu)
Copyright (c) 2011-2012 NEC Laboratories America (Koray Kavukcuoglu)
Copyright (c) 2011-2013 NYU                      (Clement Farabet)
Copyright (c) 2006-2010 NEC Laboratories America (Ronan Collobert, Leon Bottou, Iain Melvin, Jason Weston)
Copyright (c) 2006      Idiap Research Institute (Samy Bengio)
Copyright (c) 2001-2004 Idiap Research Institute (Ronan Collobert, Samy Bengio, Johnny Mariethoz)
Copyright (c) 2015      Google Inc.
Copyright (c) 2015      Yangqing Jia
Copyright (c) 2013-2016 The Caffe contributors
All rights reserved.

NVIDIA Release 24.05 (build 91431255)
PyTorch Version 2.4.0a0+07cecf4

NVIDIA Release 24.05 (build 91431255)
PyTorch Version 2.4.0a0+07cecf4

Various files include modifications (c) NVIDIA CORPORATION & AFFILIATES.  All rights reserved.

This container image and its contents are governed by the NVIDIA Deep Learning Container License.
By pulling and using the container, you accept the terms and conditions of this license:
https://developer.nvidia.com/ngc/nvidia-deep-learning-container-license

Various files include modifications (c) NVIDIA CORPORATION & AFFILIATES.  All rights reserved.

This container image and its contents are governed by the NVIDIA Deep Learning Container License.
By pulling and using the container, you accept the terms and conditions of this license:
https://developer.nvidia.com/ngc/nvidia-deep-learning-container-license
Container image Copyright (c) 2024, NVIDIA CORPORATION & AFFILIATES. All rights reserved.
/opt/nvidia/entrypoint.d/50-gpu-driver-check.sh: line 5: ldconfig: command not found
/opt/nvidia/entrypoint.d/50-gpu-driver-check.sh: line 5: ldconfig: command not found
Container image Copyright (c) 2024, NVIDIA CORPORATION & AFFILIATES. All rights reserved.
Copyright (c) 2014-2024 Facebook Inc.
Copyright (c) 2011-2014 Idiap Research Institute (Ronan Collobert)
Copyright (c) 2012-2014 Deepmind Technologies    (Koray Kavukcuoglu)
Copyright (c) 2011-2012 NEC Laboratories America (Koray Kavukcuoglu)
Copyright (c) 2011-2013 NYU                      (Clement Farabet)
Copyright (c) 2006-2010 NEC Laboratories America (Ronan Collobert, Leon Bottou, Iain Melvin, Jason Weston)
Copyright (c) 2006      Idiap Research Institute (Samy Bengio)
Copyright (c) 2001-2004 Idiap Research Institute (Ronan Collobert, Samy Bengio, Johnny Mariethoz)
Copyright (c) 2015      Google Inc.
Copyright (c) 2015      Yangqing Jia
Copyright (c) 2013-2016 The Caffe contributors
All rights reserved.
Copyright (c) 2014-2024 Facebook Inc.
Copyright (c) 2011-2014 Idiap Research Institute (Ronan Collobert)
Copyright (c) 2012-2014 Deepmind Technologies    (Koray Kavukcuoglu)
Copyright (c) 2011-2012 NEC Laboratories America (Koray Kavukcuoglu)
Copyright (c) 2011-2013 NYU                      (Clement Farabet)
Copyright (c) 2006-2010 NEC Laboratories America (Ronan Collobert, Leon Bottou, Iain Melvin, Jason Weston)
Copyright (c) 2006      Idiap Research Institute (Samy Bengio)
Copyright (c) 2001-2004 Idiap Research Institute (Ronan Collobert, Samy Bengio, Johnny Mariethoz)
Copyright (c) 2015      Google Inc.
Copyright (c) 2015      Yangqing Jia
Copyright (c) 2013-2016 The Caffe contributors
All rights reserved.

Various files include modifications (c) NVIDIA CORPORATION & AFFILIATES.  All rights reserved.

This container image and its contents are governed by the NVIDIA Deep Learning Container License.
By pulling and using the container, you accept the terms and conditions of this license:
https://developer.nvidia.com/ngc/nvidia-deep-learning-container-license
/opt/nvidia/entrypoint.d/50-gpu-driver-check.sh: line 5: ldconfig: command not found

Various files include modifications (c) NVIDIA CORPORATION & AFFILIATES.  All rights reserved.

This container image and its contents are governed by the NVIDIA Deep Learning Container License.
By pulling and using the container, you accept the terms and conditions of this license:
https://developer.nvidia.com/ngc/nvidia-deep-learning-container-license
/opt/nvidia/entrypoint.d/50-gpu-driver-check.sh: line 5: ldconfig: command not found

WARNING: The NVIDIA Driver was not detected.  GPU functionality will not be available.
   Use the NVIDIA Container Toolkit to start this container with GPU support; see
   https://docs.nvidia.com/datacenter/cloud-native/ .

WARNING: The NVIDIA Driver was not detected.  GPU functionality will not be available.
   Use the NVIDIA Container Toolkit to start this container with GPU support; see
   https://docs.nvidia.com/datacenter/cloud-native/ .

WARNING: The NVIDIA Driver was not detected.  GPU functionality will not be available.
   Use the NVIDIA Container Toolkit to start this container with GPU support; see
   https://docs.nvidia.com/datacenter/cloud-native/ .

WARNING: The NVIDIA Driver was not detected.  GPU functionality will not be available.
   Use the NVIDIA Container Toolkit to start this container with GPU support; see
   https://docs.nvidia.com/datacenter/cloud-native/ .




WORLD_SIZE: 4, GLOBAL_RANK: 0
Traceback (most recent call last):
  File "/workspace/dist-training.py", line 281, in <module>
    main(args)
  File "/workspace/dist-training.py", line 263, in main
    ddp_setup()
  File "/workspace/utils/misc.py", line 51, in ddp_setup
    init_process_group(backend="nccl",init_method=sync_file,
  File "/usr/local/lib/python3.10/dist-packages/torch/distributed/c10d_logger.py", line 77, in wrapper
    return func(*args, **kwargs)
  File "/usr/local/lib/python3.10/dist-packages/torch/distributed/c10d_logger.py", line 91, in wrapper
    func_return = func(*args, **kwargs)
  File "/usr/local/lib/python3.10/dist-packages/torch/distributed/distributed_c10d.py", line 1315, in init_process_group
    default_pg, _ = _new_process_group_helper(
  File "/usr/local/lib/python3.10/dist-packages/torch/distributed/distributed_c10d.py", line 1537, in _new_process_group_helper
    backend_class = ProcessGroupNCCL(
ValueError: ProcessGroupNCCL is only supported with GPUs, no GPUs found!
WORLD_SIZE: 4, GLOBAL_RANK: 0
Traceback (most recent call last):
  File "/workspace/dist-training.py", line 281, in <module>
    main(args)
  File "/workspace/dist-training.py", line 263, in main
    ddp_setup()
  File "/workspace/utils/misc.py", line 51, in ddp_setup
    init_process_group(backend="nccl",init_method=sync_file,
  File "/usr/local/lib/python3.10/dist-packages/torch/distributed/c10d_logger.py", line 77, in wrapper
    return func(*args, **kwargs)
  File "/usr/local/lib/python3.10/dist-packages/torch/distributed/c10d_logger.py", line 91, in wrapper
    func_return = func(*args, **kwargs)
  File "/usr/local/lib/python3.10/dist-packages/torch/distributed/distributed_c10d.py", line 1315, in init_process_group
    default_pg, _ = _new_process_group_helper(
  File "/usr/local/lib/python3.10/dist-packages/torch/distributed/distributed_c10d.py", line 1537, in _new_process_group_helper
    backend_class = ProcessGroupNCCL(
ValueError: ProcessGroupNCCL is only supported with GPUs, no GPUs found!
WORLD_SIZE: 4, GLOBAL_RANK: 0
Traceback (most recent call last):
  File "/workspace/dist-training.py", line 281, in <module>
    main(args)
  File "/workspace/dist-training.py", line 263, in main
    ddp_setup()
  File "/workspace/utils/misc.py", line 51, in ddp_setup
    init_process_group(backend="nccl",init_method=sync_file,
  File "/usr/local/lib/python3.10/dist-packages/torch/distributed/c10d_logger.py", line 77, in wrapper
    return func(*args, **kwargs)
  File "/usr/local/lib/python3.10/dist-packages/torch/distributed/c10d_logger.py", line 91, in wrapper
    func_return = func(*args, **kwargs)
  File "/usr/local/lib/python3.10/dist-packages/torch/distributed/distributed_c10d.py", line 1315, in init_process_group
    default_pg, _ = _new_process_group_helper(
  File "/usr/local/lib/python3.10/dist-packages/torch/distributed/distributed_c10d.py", line 1537, in _new_process_group_helper
    backend_class = ProcessGroupNCCL(
ValueError: ProcessGroupNCCL is only supported with GPUs, no GPUs found!
WORLD_SIZE: 4, GLOBAL_RANK: 0
Traceback (most recent call last):
  File "/workspace/dist-training.py", line 281, in <module>
    main(args)
  File "/workspace/dist-training.py", line 263, in main
    ddp_setup()
  File "/workspace/utils/misc.py", line 51, in ddp_setup
    init_process_group(backend="nccl",init_method=sync_file,
  File "/usr/local/lib/python3.10/dist-packages/torch/distributed/c10d_logger.py", line 77, in wrapper
    return func(*args, **kwargs)
  File "/usr/local/lib/python3.10/dist-packages/torch/distributed/c10d_logger.py", line 91, in wrapper
    func_return = func(*args, **kwargs)
  File "/usr/local/lib/python3.10/dist-packages/torch/distributed/distributed_c10d.py", line 1315, in init_process_group
    default_pg, _ = _new_process_group_helper(
  File "/usr/local/lib/python3.10/dist-packages/torch/distributed/distributed_c10d.py", line 1537, in _new_process_group_helper
    backend_class = ProcessGroupNCCL(
ValueError: ProcessGroupNCCL is only supported with GPUs, no GPUs found!
srun: error: nid001449: task 2: Exited with exit code 1
srun: Terminating StepId=29803548.0
slurmstepd: error: *** STEP 29803548.0 ON nid001449 CANCELLED AT 2024-08-26T15:48:36 ***
srun: error: nid001449: tasks 0-1,3: Exited with exit code 1
