
=============
== PyTorch ==
=============

=============
== PyTorch ==
=============

=============
== PyTorch ==
=============

NVIDIA Release 24.05 (build 91431255)
PyTorch Version 2.4.0a0+07cecf4

NVIDIA Release 24.05 (build 91431255)
PyTorch Version 2.4.0a0+07cecf4

NVIDIA Release 24.05 (build 91431255)
PyTorch Version 2.4.0a0+07cecf4
Container image Copyright (c) 2024, NVIDIA CORPORATION & AFFILIATES. All rights reserved.
Container image Copyright (c) 2024, NVIDIA CORPORATION & AFFILIATES. All rights reserved.
Copyright (c) 2014-2024 Facebook Inc.
Copyright (c) 2011-2014 Idiap Research Institute (Ronan Collobert)
Copyright (c) 2012-2014 Deepmind Technologies    (Koray Kavukcuoglu)
Copyright (c) 2011-2012 NEC Laboratories America (Koray Kavukcuoglu)
Copyright (c) 2011-2013 NYU                      (Clement Farabet)
Copyright (c) 2006-2010 NEC Laboratories America (Ronan Collobert, Leon Bottou, Iain Melvin, Jason Weston)
Copyright (c) 2006      Idiap Research Institute (Samy Bengio)
Copyright (c) 2001-2004 Idiap Research Institute (Ronan Collobert, Samy Bengio, Johnny Mariethoz)
Copyright (c) 2015      Google Inc.
Copyright (c) 2015      Yangqing Jia
Copyright (c) 2013-2016 The Caffe contributors
All rights reserved.
Container image Copyright (c) 2024, NVIDIA CORPORATION & AFFILIATES. All rights reserved.
Copyright (c) 2014-2024 Facebook Inc.
Copyright (c) 2011-2014 Idiap Research Institute (Ronan Collobert)
Copyright (c) 2012-2014 Deepmind Technologies    (Koray Kavukcuoglu)
Copyright (c) 2011-2012 NEC Laboratories America (Koray Kavukcuoglu)
Copyright (c) 2011-2013 NYU                      (Clement Farabet)
Copyright (c) 2006-2010 NEC Laboratories America (Ronan Collobert, Leon Bottou, Iain Melvin, Jason Weston)
Copyright (c) 2006      Idiap Research Institute (Samy Bengio)
Copyright (c) 2001-2004 Idiap Research Institute (Ronan Collobert, Samy Bengio, Johnny Mariethoz)
Copyright (c) 2015      Google Inc.
Copyright (c) 2015      Yangqing Jia
Copyright (c) 2013-2016 The Caffe contributors
All rights reserved.

Various files include modifications (c) NVIDIA CORPORATION & AFFILIATES.  All rights reserved.

This container image and its contents are governed by the NVIDIA Deep Learning Container License.
By pulling and using the container, you accept the terms and conditions of this license:
https://developer.nvidia.com/ngc/nvidia-deep-learning-container-license
Copyright (c) 2014-2024 Facebook Inc.
Copyright (c) 2011-2014 Idiap Research Institute (Ronan Collobert)
Copyright (c) 2012-2014 Deepmind Technologies    (Koray Kavukcuoglu)
Copyright (c) 2011-2012 NEC Laboratories America (Koray Kavukcuoglu)
Copyright (c) 2011-2013 NYU                      (Clement Farabet)
Copyright (c) 2006-2010 NEC Laboratories America (Ronan Collobert, Leon Bottou, Iain Melvin, Jason Weston)
Copyright (c) 2006      Idiap Research Institute (Samy Bengio)
Copyright (c) 2001-2004 Idiap Research Institute (Ronan Collobert, Samy Bengio, Johnny Mariethoz)
Copyright (c) 2015      Google Inc.
Copyright (c) 2015      Yangqing Jia
Copyright (c) 2013-2016 The Caffe contributors
All rights reserved.

Various files include modifications (c) NVIDIA CORPORATION & AFFILIATES.  All rights reserved.

This container image and its contents are governed by the NVIDIA Deep Learning Container License.
By pulling and using the container, you accept the terms and conditions of this license:
https://developer.nvidia.com/ngc/nvidia-deep-learning-container-license

Various files include modifications (c) NVIDIA CORPORATION & AFFILIATES.  All rights reserved.

This container image and its contents are governed by the NVIDIA Deep Learning Container License.
By pulling and using the container, you accept the terms and conditions of this license:
https://developer.nvidia.com/ngc/nvidia-deep-learning-container-license

=============
== PyTorch ==
=============

NVIDIA Release 24.05 (build 91431255)
PyTorch Version 2.4.0a0+07cecf4
Container image Copyright (c) 2024, NVIDIA CORPORATION & AFFILIATES. All rights reserved.
Copyright (c) 2014-2024 Facebook Inc.
Copyright (c) 2011-2014 Idiap Research Institute (Ronan Collobert)
Copyright (c) 2012-2014 Deepmind Technologies    (Koray Kavukcuoglu)
Copyright (c) 2011-2012 NEC Laboratories America (Koray Kavukcuoglu)
Copyright (c) 2011-2013 NYU                      (Clement Farabet)
Copyright (c) 2006-2010 NEC Laboratories America (Ronan Collobert, Leon Bottou, Iain Melvin, Jason Weston)
Copyright (c) 2006      Idiap Research Institute (Samy Bengio)
Copyright (c) 2001-2004 Idiap Research Institute (Ronan Collobert, Samy Bengio, Johnny Mariethoz)
Copyright (c) 2015      Google Inc.
Copyright (c) 2015      Yangqing Jia
Copyright (c) 2013-2016 The Caffe contributors
All rights reserved.

Various files include modifications (c) NVIDIA CORPORATION & AFFILIATES.  All rights reserved.

This container image and its contents are governed by the NVIDIA Deep Learning Container License.
By pulling and using the container, you accept the terms and conditions of this license:
https://developer.nvidia.com/ngc/nvidia-deep-learning-container-license

WARNING: The NVIDIA Driver was not detected.  GPU functionality will not be available.
   Use the NVIDIA Container Toolkit to start this container with GPU support; see
   https://docs.nvidia.com/datacenter/cloud-native/ .

WARNING: The NVIDIA Driver was not detected.  GPU functionality will not be available.
   Use the NVIDIA Container Toolkit to start this container with GPU support; see
   https://docs.nvidia.com/datacenter/cloud-native/ .

WARNING: The NVIDIA Driver was not detected.  GPU functionality will not be available.
   Use the NVIDIA Container Toolkit to start this container with GPU support; see
   https://docs.nvidia.com/datacenter/cloud-native/ .


WARNING: The NVIDIA Driver was not detected.  GPU functionality will not be available.
   Use the NVIDIA Container Toolkit to start this container with GPU support; see
   https://docs.nvidia.com/datacenter/cloud-native/ .



Traceback (most recent call last):
  File "/workspace/dist-training.py", line 7, in <module>
Traceback (most recent call last):
  File "/workspace/dist-training.py", line 7, in <module>
Traceback (most recent call last):
  File "/workspace/dist-training.py", line 7, in <module>
Traceback (most recent call last):
  File "/workspace/dist-training.py", line 7, in <module>
    from model import ViTMAE
  File "/workspace/model.py", line 9, in <module>
    from model import ViTMAE
  File "/workspace/model.py", line 9, in <module>
    from model import ViTMAE
  File "/workspace/model.py", line 9, in <module>
    from model import ViTMAE
  File "/workspace/model.py", line 9, in <module>
    from utils.misc import get_gauss
  File "/workspace/utils/misc.py", line 44, in <module>
    from utils.misc import get_gauss
  File "/workspace/utils/misc.py", line 44, in <module>
    from utils.misc import get_gauss
  File "/workspace/utils/misc.py", line 44, in <module>
    from utils.misc import get_gauss
  File "/workspace/utils/misc.py", line 44, in <module>
    sync_file = _get_sync_file()
  File "/workspace/utils/misc.py", line 38, in _get_sync_file
    sync_file = _get_sync_file()
  File "/workspace/utils/misc.py", line 38, in _get_sync_file
    sync_file = _get_sync_file()
  File "/workspace/utils/misc.py", line 38, in _get_sync_file
    sync_file = _get_sync_file()
  File "/workspace/utils/misc.py", line 38, in _get_sync_file
    sync_file_dir = '%s/pytorch-sync-files' % os.environ['SCRATCH']
  File "/usr/lib/python3.10/os.py", line 680, in __getitem__
    sync_file_dir = '%s/pytorch-sync-files' % os.environ['SCRATCH']
  File "/usr/lib/python3.10/os.py", line 680, in __getitem__
    sync_file_dir = '%s/pytorch-sync-files' % os.environ['SCRATCH']
  File "/usr/lib/python3.10/os.py", line 680, in __getitem__
    sync_file_dir = '%s/pytorch-sync-files' % os.environ['SCRATCH']
  File "/usr/lib/python3.10/os.py", line 680, in __getitem__
    raise KeyError(key) from None
KeyError: 'SCRATCH'
    raise KeyError(key) from None
KeyError: 'SCRATCH'
    raise KeyError(key) from None
KeyError: 'SCRATCH'
    raise KeyError(key) from None
KeyError: 'SCRATCH'
srun: error: nid008304: tasks 0-3: Exited with exit code 1
srun: Terminating StepId=29761907.0
