  0%|          | 0/1 [00:00<?, ?it/s]
  0%|          | 0/776 [00:00<?, ?it/s][A  0%|          | 0/776 [00:06<?, ?it/s]
[rank0]: Traceback (most recent call last):
[rank0]:   File "/global/u1/l/lokeshb/E2E/E2E_MAE_Lokesh_Badisa/dist-training.py", line 282, in <module>
[rank0]:     main(args)
[rank0]:   File "/global/u1/l/lokeshb/E2E/E2E_MAE_Lokesh_Badisa/dist-training.py", line 274, in main
[rank0]:     trainer.train(args.epochs)
[rank0]:   File "/global/u1/l/lokeshb/E2E/E2E_MAE_Lokesh_Badisa/dist-training.py", line 214, in train
[rank0]:     loss, dsize = self._run_epoch(epoch)
[rank0]:   File "/global/u1/l/lokeshb/E2E/E2E_MAE_Lokesh_Badisa/dist-training.py", line 186, in _run_epoch
[rank0]:     loss += self._run_batch(data, (batch+1)%self.accum_iter==0)
[rank0]:   File "/global/u1/l/lokeshb/E2E/E2E_MAE_Lokesh_Badisa/dist-training.py", line 167, in _run_batch
[rank0]:     loss,_,_ = self.model(data,mask_ratio=float(self.args.mask_ratio))
[rank0]:   File "/usr/local/lib/python3.10/dist-packages/torch/nn/modules/module.py", line 1532, in _wrapped_call_impl
[rank0]:     return self._call_impl(*args, **kwargs)
[rank0]:   File "/usr/local/lib/python3.10/dist-packages/torch/nn/modules/module.py", line 1541, in _call_impl
[rank0]:     return forward_call(*args, **kwargs)
[rank0]:   File "/usr/local/lib/python3.10/dist-packages/torch/nn/parallel/distributed.py", line 1608, in forward
[rank0]:     else self._run_ddp_forward(*inputs, **kwargs)
[rank0]:   File "/usr/local/lib/python3.10/dist-packages/torch/nn/parallel/distributed.py", line 1426, in _run_ddp_forward
[rank0]:     return self.module(*inputs, **kwargs)  # type: ignore[index]
[rank0]:   File "/usr/local/lib/python3.10/dist-packages/torch/nn/modules/module.py", line 1532, in _wrapped_call_impl
[rank0]:     return self._call_impl(*args, **kwargs)
[rank0]:   File "/usr/local/lib/python3.10/dist-packages/torch/nn/modules/module.py", line 1541, in _call_impl
[rank0]:     return forward_call(*args, **kwargs)
[rank0]:   File "/global/u1/l/lokeshb/E2E/E2E_MAE_Lokesh_Badisa/model.py", line 325, in forward
[rank0]:     pred = self.forward_decoder(latent, ids_restore)  # [N, L, p*p*3]
[rank0]:   File "/global/u1/l/lokeshb/E2E/E2E_MAE_Lokesh_Badisa/model.py", line 294, in forward_decoder
[rank0]:     x = blk(x)
[rank0]:   File "/usr/local/lib/python3.10/dist-packages/torch/nn/modules/module.py", line 1532, in _wrapped_call_impl
[rank0]:     return self._call_impl(*args, **kwargs)
[rank0]:   File "/usr/local/lib/python3.10/dist-packages/torch/nn/modules/module.py", line 1541, in _call_impl
[rank0]:     return forward_call(*args, **kwargs)
[rank0]:   File "/global/u1/l/lokeshb/E2E/E2E_MAE_Lokesh_Badisa/model.py", line 80, in forward
[rank0]:     x = x + self.drop_path1(self.ls1(self.attn(self.norm1(x))))
[rank0]:   File "/usr/local/lib/python3.10/dist-packages/torch/nn/modules/module.py", line 1532, in _wrapped_call_impl
[rank0]:     return self._call_impl(*args, **kwargs)
[rank0]:   File "/usr/local/lib/python3.10/dist-packages/torch/nn/modules/module.py", line 1541, in _call_impl
[rank0]:     return forward_call(*args, **kwargs)
[rank0]:   File "/global/u1/l/lokeshb/E2E/E2E_MAE_Lokesh_Badisa/model.py", line 38, in forward
[rank0]:     qkv = self.qkv(x).reshape(B, N, 3, self.num_heads, self.head_dim).permute(2, 0, 3, 1, 4)
[rank0]:   File "/usr/local/lib/python3.10/dist-packages/torch/nn/modules/module.py", line 1532, in _wrapped_call_impl
[rank0]:     return self._call_impl(*args, **kwargs)
[rank0]:   File "/usr/local/lib/python3.10/dist-packages/torch/nn/modules/module.py", line 1541, in _call_impl
[rank0]:     return forward_call(*args, **kwargs)
[rank0]:   File "/usr/local/lib/python3.10/dist-packages/torch/nn/modules/linear.py", line 116, in forward
[rank0]:     return F.linear(input, self.weight, self.bias)
[rank0]: torch.cuda.OutOfMemoryError: CUDA out of memory. Tried to allocate 158.00 MiB. GPU 0 has a total capacity of 39.39 GiB of which 136.56 MiB is free. Process 2302078 has 542.00 MiB memory in use. Process 2302082 has 542.00 MiB memory in use. Process 2302080 has 542.00 MiB memory in use. Including non-PyTorch memory, this process has 37.66 GiB memory in use. Of the allocated memory 35.97 GiB is allocated by PyTorch, and 89.21 MiB is reserved by PyTorch but unallocated. If reserved but unallocated memory is large try setting PYTORCH_CUDA_ALLOC_CONF=expandable_segments:True to avoid fragmentation.  See documentation for Memory Management  (https://pytorch.org/docs/stable/notes/cuda.html#environment-variables)
[rank3]: Traceback (most recent call last):
[rank3]:   File "/global/u1/l/lokeshb/E2E/E2E_MAE_Lokesh_Badisa/dist-training.py", line 282, in <module>
[rank3]:     main(args)
[rank3]:   File "/global/u1/l/lokeshb/E2E/E2E_MAE_Lokesh_Badisa/dist-training.py", line 274, in main
[rank3]:     trainer.train(args.epochs)
[rank3]:   File "/global/u1/l/lokeshb/E2E/E2E_MAE_Lokesh_Badisa/dist-training.py", line 214, in train
[rank3]:     loss, dsize = self._run_epoch(epoch)
[rank3]:   File "/global/u1/l/lokeshb/E2E/E2E_MAE_Lokesh_Badisa/dist-training.py", line 186, in _run_epoch
[rank3]:     loss += self._run_batch(data, (batch+1)%self.accum_iter==0)
[rank3]:   File "/global/u1/l/lokeshb/E2E/E2E_MAE_Lokesh_Badisa/dist-training.py", line 167, in _run_batch
[rank3]:     loss,_,_ = self.model(data,mask_ratio=float(self.args.mask_ratio))
[rank3]:   File "/usr/local/lib/python3.10/dist-packages/torch/nn/modules/module.py", line 1532, in _wrapped_call_impl
[rank3]:     return self._call_impl(*args, **kwargs)
[rank3]:   File "/usr/local/lib/python3.10/dist-packages/torch/nn/modules/module.py", line 1541, in _call_impl
[rank3]:     return forward_call(*args, **kwargs)
[rank3]:   File "/usr/local/lib/python3.10/dist-packages/torch/nn/parallel/distributed.py", line 1608, in forward
[rank3]:     else self._run_ddp_forward(*inputs, **kwargs)
[rank3]:   File "/usr/local/lib/python3.10/dist-packages/torch/nn/parallel/distributed.py", line 1426, in _run_ddp_forward
[rank3]:     return self.module(*inputs, **kwargs)  # type: ignore[index]
[rank3]:   File "/usr/local/lib/python3.10/dist-packages/torch/nn/modules/module.py", line 1532, in _wrapped_call_impl
[rank3]:     return self._call_impl(*args, **kwargs)
[rank3]:   File "/usr/local/lib/python3.10/dist-packages/torch/nn/modules/module.py", line 1541, in _call_impl
[rank3]:     return forward_call(*args, **kwargs)
[rank3]:   File "/global/u1/l/lokeshb/E2E/E2E_MAE_Lokesh_Badisa/model.py", line 325, in forward
[rank3]:     pred = self.forward_decoder(latent, ids_restore)  # [N, L, p*p*3]
[rank3]:   File "/global/u1/l/lokeshb/E2E/E2E_MAE_Lokesh_Badisa/model.py", line 294, in forward_decoder
[rank3]:     x = blk(x)
[rank3]:   File "/usr/local/lib/python3.10/dist-packages/torch/nn/modules/module.py", line 1532, in _wrapped_call_impl
[rank3]:     return self._call_impl(*args, **kwargs)
[rank3]:   File "/usr/local/lib/python3.10/dist-packages/torch/nn/modules/module.py", line 1541, in _call_impl
[rank3]:     return forward_call(*args, **kwargs)
[rank3]:   File "/global/u1/l/lokeshb/E2E/E2E_MAE_Lokesh_Badisa/model.py", line 81, in forward
[rank3]:     x = x + self.drop_path2(self.ls2(self.mlp(self.norm2(x))))
[rank3]:   File "/usr/local/lib/python3.10/dist-packages/torch/nn/modules/module.py", line 1532, in _wrapped_call_impl
[rank3]:     return self._call_impl(*args, **kwargs)
[rank3]:   File "/usr/local/lib/python3.10/dist-packages/torch/nn/modules/module.py", line 1541, in _call_impl
[rank3]:     return forward_call(*args, **kwargs)
[rank3]:   File "/usr/local/lib/python3.10/dist-packages/timm/layers/mlp.py", line 42, in forward
[rank3]:     x = self.fc1(x)
[rank3]:   File "/usr/local/lib/python3.10/dist-packages/torch/nn/modules/module.py", line 1532, in _wrapped_call_impl
[rank3]:     return self._call_impl(*args, **kwargs)
[rank3]:   File "/usr/local/lib/python3.10/dist-packages/torch/nn/modules/module.py", line 1541, in _call_impl
[rank3]:     return forward_call(*args, **kwargs)
[rank3]:   File "/usr/local/lib/python3.10/dist-packages/torch/nn/modules/linear.py", line 116, in forward
[rank3]:     return F.linear(input, self.weight, self.bias)
[rank1]: Traceback (most recent call last):
[rank1]:   File "/global/u1/l/lokeshb/E2E/E2E_MAE_Lokesh_Badisa/dist-training.py", line 282, in <module>
[rank1]:     main(args)
[rank1]:   File "/global/u1/l/lokeshb/E2E/E2E_MAE_Lokesh_Badisa/dist-training.py", line 274, in main
[rank1]:     trainer.train(args.epochs)
[rank1]:   File "/global/u1/l/lokeshb/E2E/E2E_MAE_Lokesh_Badisa/dist-training.py", line 214, in train
[rank1]:     loss, dsize = self._run_epoch(epoch)
[rank1]:   File "/global/u1/l/lokeshb/E2E/E2E_MAE_Lokesh_Badisa/dist-training.py", line 186, in _run_epoch
[rank1]:     loss += self._run_batch(data, (batch+1)%self.accum_iter==0)
[rank1]:   File "/global/u1/l/lokeshb/E2E/E2E_MAE_Lokesh_Badisa/dist-training.py", line 167, in _run_batch
[rank1]:     loss,_,_ = self.model(data,mask_ratio=float(self.args.mask_ratio))
[rank1]:   File "/usr/local/lib/python3.10/dist-packages/torch/nn/modules/module.py", line 1532, in _wrapped_call_impl
[rank1]:     return self._call_impl(*args, **kwargs)
[rank1]:   File "/usr/local/lib/python3.10/dist-packages/torch/nn/modules/module.py", line 1541, in _call_impl
[rank1]:     return forward_call(*args, **kwargs)
[rank1]:   File "/usr/local/lib/python3.10/dist-packages/torch/nn/parallel/distributed.py", line 1608, in forward
[rank1]:     else self._run_ddp_forward(*inputs, **kwargs)
[rank1]:   File "/usr/local/lib/python3.10/dist-packages/torch/nn/parallel/distributed.py", line 1426, in _run_ddp_forward
[rank1]:     return self.module(*inputs, **kwargs)  # type: ignore[index]
[rank1]:   File "/usr/local/lib/python3.10/dist-packages/torch/nn/modules/module.py", line 1532, in _wrapped_call_impl
[rank1]:     return self._call_impl(*args, **kwargs)
[rank1]:   File "/usr/local/lib/python3.10/dist-packages/torch/nn/modules/module.py", line 1541, in _call_impl
[rank1]:     return forward_call(*args, **kwargs)
[rank1]:   File "/global/u1/l/lokeshb/E2E/E2E_MAE_Lokesh_Badisa/model.py", line 325, in forward
[rank1]:     pred = self.forward_decoder(latent, ids_restore)  # [N, L, p*p*3]
[rank1]:   File "/global/u1/l/lokeshb/E2E/E2E_MAE_Lokesh_Badisa/model.py", line 294, in forward_decoder
[rank1]:     x = blk(x)
[rank1]:   File "/usr/local/lib/python3.10/dist-packages/torch/nn/modules/module.py", line 1532, in _wrapped_call_impl
[rank1]:     return self._call_impl(*args, **kwargs)
[rank1]:   File "/usr/local/lib/python3.10/dist-packages/torch/nn/modules/module.py", line 1541, in _call_impl
[rank1]:     return forward_call(*args, **kwargs)
[rank1]:   File "/global/u1/l/lokeshb/E2E/E2E_MAE_Lokesh_Badisa/model.py", line 81, in forward
[rank1]:     x = x + self.drop_path2(self.ls2(self.mlp(self.norm2(x))))
[rank1]:   File "/usr/local/lib/python3.10/dist-packages/torch/nn/modules/module.py", line 1532, in _wrapped_call_impl
[rank1]:     return self._call_impl(*args, **kwargs)
[rank1]:   File "/usr/local/lib/python3.10/dist-packages/torch/nn/modules/module.py", line 1541, in _call_impl
[rank1]:     return forward_call(*args, **kwargs)
[rank1]:   File "/usr/local/lib/python3.10/dist-packages/timm/layers/mlp.py", line 42, in forward
[rank1]:     x = self.fc1(x)
[rank1]:   File "/usr/local/lib/python3.10/dist-packages/torch/nn/modules/module.py", line 1532, in _wrapped_call_impl
[rank1]:     return self._call_impl(*args, **kwargs)
[rank1]:   File "/usr/local/lib/python3.10/dist-packages/torch/nn/modules/module.py", line 1541, in _call_impl
[rank1]:     return forward_call(*args, **kwargs)
[rank1]:   File "/usr/local/lib/python3.10/dist-packages/torch/nn/modules/linear.py", line 116, in forward
[rank1]:     return F.linear(input, self.weight, self.bias)
[rank2]: Traceback (most recent call last):
[rank2]:   File "/global/u1/l/lokeshb/E2E/E2E_MAE_Lokesh_Badisa/dist-training.py", line 282, in <module>
[rank2]:     main(args)
[rank2]:   File "/global/u1/l/lokeshb/E2E/E2E_MAE_Lokesh_Badisa/dist-training.py", line 274, in main
[rank2]:     trainer.train(args.epochs)
[rank2]:   File "/global/u1/l/lokeshb/E2E/E2E_MAE_Lokesh_Badisa/dist-training.py", line 214, in train
[rank2]:     loss, dsize = self._run_epoch(epoch)
[rank2]:   File "/global/u1/l/lokeshb/E2E/E2E_MAE_Lokesh_Badisa/dist-training.py", line 186, in _run_epoch
[rank2]:     loss += self._run_batch(data, (batch+1)%self.accum_iter==0)
[rank2]:   File "/global/u1/l/lokeshb/E2E/E2E_MAE_Lokesh_Badisa/dist-training.py", line 167, in _run_batch
[rank2]:     loss,_,_ = self.model(data,mask_ratio=float(self.args.mask_ratio))
[rank2]:   File "/usr/local/lib/python3.10/dist-packages/torch/nn/modules/module.py", line 1532, in _wrapped_call_impl
[rank2]:     return self._call_impl(*args, **kwargs)
[rank2]:   File "/usr/local/lib/python3.10/dist-packages/torch/nn/modules/module.py", line 1541, in _call_impl
[rank2]:     return forward_call(*args, **kwargs)
[rank2]:   File "/usr/local/lib/python3.10/dist-packages/torch/nn/parallel/distributed.py", line 1608, in forward
[rank2]:     else self._run_ddp_forward(*inputs, **kwargs)
[rank2]:   File "/usr/local/lib/python3.10/dist-packages/torch/nn/parallel/distributed.py", line 1426, in _run_ddp_forward
[rank2]:     return self.module(*inputs, **kwargs)  # type: ignore[index]
[rank2]:   File "/usr/local/lib/python3.10/dist-packages/torch/nn/modules/module.py", line 1532, in _wrapped_call_impl
[rank2]:     return self._call_impl(*args, **kwargs)
[rank2]:   File "/usr/local/lib/python3.10/dist-packages/torch/nn/modules/module.py", line 1541, in _call_impl
[rank2]:     return forward_call(*args, **kwargs)
[rank2]:   File "/global/u1/l/lokeshb/E2E/E2E_MAE_Lokesh_Badisa/model.py", line 325, in forward
[rank2]:     pred = self.forward_decoder(latent, ids_restore)  # [N, L, p*p*3]
[rank2]:   File "/global/u1/l/lokeshb/E2E/E2E_MAE_Lokesh_Badisa/model.py", line 294, in forward_decoder
[rank2]:     x = blk(x)
[rank2]:   File "/usr/local/lib/python3.10/dist-packages/torch/nn/modules/module.py", line 1532, in _wrapped_call_impl
[rank2]:     return self._call_impl(*args, **kwargs)
[rank2]:   File "/usr/local/lib/python3.10/dist-packages/torch/nn/modules/module.py", line 1541, in _call_impl
[rank2]:     return forward_call(*args, **kwargs)
[rank2]:   File "/global/u1/l/lokeshb/E2E/E2E_MAE_Lokesh_Badisa/model.py", line 81, in forward
[rank2]:     x = x + self.drop_path2(self.ls2(self.mlp(self.norm2(x))))
[rank2]:   File "/usr/local/lib/python3.10/dist-packages/torch/nn/modules/module.py", line 1532, in _wrapped_call_impl
[rank2]:     return self._call_impl(*args, **kwargs)
[rank2]:   File "/usr/local/lib/python3.10/dist-packages/torch/nn/modules/module.py", line 1541, in _call_impl
[rank2]:     return forward_call(*args, **kwargs)
[rank2]:   File "/usr/local/lib/python3.10/dist-packages/timm/layers/mlp.py", line 42, in forward
[rank2]:     x = self.fc1(x)
[rank2]:   File "/usr/local/lib/python3.10/dist-packages/torch/nn/modules/module.py", line 1532, in _wrapped_call_impl
[rank2]:     return self._call_impl(*args, **kwargs)
[rank2]:   File "/usr/local/lib/python3.10/dist-packages/torch/nn/modules/module.py", line 1541, in _call_impl
[rank2]:     return forward_call(*args, **kwargs)
[rank2]:   File "/usr/local/lib/python3.10/dist-packages/torch/nn/modules/linear.py", line 116, in forward
[rank2]:     return F.linear(input, self.weight, self.bias)
[rank3]: torch.cuda.OutOfMemoryError: CUDA out of memory. Tried to allocate 626.00 MiB. GPU 3 has a total capacity of 39.39 GiB of which 348.56 MiB is free. Including non-PyTorch memory, this process has 39.05 GiB memory in use. Of the allocated memory 37.21 GiB is allocated by PyTorch, and 239.76 MiB is reserved by PyTorch but unallocated. If reserved but unallocated memory is large try setting PYTORCH_CUDA_ALLOC_CONF=expandable_segments:True to avoid fragmentation.  See documentation for Memory Management  (https://pytorch.org/docs/stable/notes/cuda.html#environment-variables)
[rank1]: torch.cuda.OutOfMemoryError: CUDA out of memory. Tried to allocate 626.00 MiB. GPU 1 has a total capacity of 39.39 GiB of which 276.56 MiB is free. Including non-PyTorch memory, this process has 39.12 GiB memory in use. Of the allocated memory 37.21 GiB is allocated by PyTorch, and 239.76 MiB is reserved by PyTorch but unallocated. If reserved but unallocated memory is large try setting PYTORCH_CUDA_ALLOC_CONF=expandable_segments:True to avoid fragmentation.  See documentation for Memory Management  (https://pytorch.org/docs/stable/notes/cuda.html#environment-variables)
[rank2]: torch.cuda.OutOfMemoryError: CUDA out of memory. Tried to allocate 626.00 MiB. GPU 2 has a total capacity of 39.39 GiB of which 276.56 MiB is free. Including non-PyTorch memory, this process has 39.12 GiB memory in use. Of the allocated memory 37.21 GiB is allocated by PyTorch, and 239.76 MiB is reserved by PyTorch but unallocated. If reserved but unallocated memory is large try setting PYTORCH_CUDA_ALLOC_CONF=expandable_segments:True to avoid fragmentation.  See documentation for Memory Management  (https://pytorch.org/docs/stable/notes/cuda.html#environment-variables)
  0%|          | 0/1 [00:06<?, ?it/s]
srun: error: nid001017: task 0: Exited with exit code 1
srun: Terminating StepId=29899147.0
slurmstepd: error: *** STEP 29899147.0 ON nid001017 CANCELLED AT 2024-08-28T05:41:01 ***
srun: error: nid001017: tasks 1,3: Exited with exit code 1
srun: error: nid001017: task 2: Exited with exit code 1
