  0%|          | 0/1 [00:00<?, ?it/s]
  0%|          | 0/388 [00:00<?, ?it/s][A  0%|          | 0/388 [00:09<?, ?it/s]
[rank0]: Traceback (most recent call last):
[rank0]:   File "/global/u1/l/lokeshb/E2E/E2E_MAE_Lokesh_Badisa/dist-training.py", line 282, in <module>
[rank0]:     main(args)
[rank0]:   File "/global/u1/l/lokeshb/E2E/E2E_MAE_Lokesh_Badisa/dist-training.py", line 274, in main
[rank0]:     trainer.train(args.epochs)
[rank0]:   File "/global/u1/l/lokeshb/E2E/E2E_MAE_Lokesh_Badisa/dist-training.py", line 214, in train
[rank0]:     loss, dsize = self._run_epoch(epoch)
[rank0]:   File "/global/u1/l/lokeshb/E2E/E2E_MAE_Lokesh_Badisa/dist-training.py", line 186, in _run_epoch
[rank0]:     loss += self._run_batch(data, (batch+1)%self.accum_iter==0)
[rank0]:   File "/global/u1/l/lokeshb/E2E/E2E_MAE_Lokesh_Badisa/dist-training.py", line 167, in _run_batch
[rank0]:     loss,_,_ = self.model(data,mask_ratio=float(self.args.mask_ratio))
[rank0]:   File "/usr/local/lib/python3.10/dist-packages/torch/nn/modules/module.py", line 1532, in _wrapped_call_impl
[rank0]:     return self._call_impl(*args, **kwargs)
[rank0]:   File "/usr/local/lib/python3.10/dist-packages/torch/nn/modules/module.py", line 1541, in _call_impl
[rank0]:     return forward_call(*args, **kwargs)
[rank0]:   File "/usr/local/lib/python3.10/dist-packages/torch/nn/parallel/distributed.py", line 1608, in forward
[rank0]:     else self._run_ddp_forward(*inputs, **kwargs)
[rank0]:   File "/usr/local/lib/python3.10/dist-packages/torch/nn/parallel/distributed.py", line 1426, in _run_ddp_forward
[rank0]:     return self.module(*inputs, **kwargs)  # type: ignore[index]
[rank0]:   File "/usr/local/lib/python3.10/dist-packages/torch/nn/modules/module.py", line 1532, in _wrapped_call_impl
[rank0]:     return self._call_impl(*args, **kwargs)
[rank0]:   File "/usr/local/lib/python3.10/dist-packages/torch/nn/modules/module.py", line 1541, in _call_impl
[rank0]:     return forward_call(*args, **kwargs)
[rank0]:   File "/global/u1/l/lokeshb/E2E/E2E_MAE_Lokesh_Badisa/model.py", line 325, in forward
[rank0]:     pred = self.forward_decoder(latent, ids_restore)  # [N, L, p*p*3]
[rank0]:   File "/global/u1/l/lokeshb/E2E/E2E_MAE_Lokesh_Badisa/model.py", line 294, in forward_decoder
[rank0]:     x = blk(x)
[rank0]:   File "/usr/local/lib/python3.10/dist-packages/torch/nn/modules/module.py", line 1532, in _wrapped_call_impl
[rank0]:     return self._call_impl(*args, **kwargs)
[rank0]:   File "/usr/local/lib/python3.10/dist-packages/torch/nn/modules/module.py", line 1541, in _call_impl
[rank0]:     return forward_call(*args, **kwargs)
[rank0]:   File "/global/u1/l/lokeshb/E2E/E2E_MAE_Lokesh_Badisa/model.py", line 81, in forward
[rank0]:     x = x + self.drop_path2(self.ls2(self.mlp(self.norm2(x))))
[rank0]:   File "/usr/local/lib/python3.10/dist-packages/torch/nn/modules/module.py", line 1532, in _wrapped_call_impl
[rank0]:     return self._call_impl(*args, **kwargs)
[rank0]:   File "/usr/local/lib/python3.10/dist-packages/torch/nn/modules/module.py", line 1541, in _call_impl
[rank0]:     return forward_call(*args, **kwargs)
[rank0]:   File "/usr/local/lib/python3.10/dist-packages/timm/layers/mlp.py", line 43, in forward
[rank0]:     x = self.act(x)
[rank0]:   File "/usr/local/lib/python3.10/dist-packages/torch/nn/modules/module.py", line 1532, in _wrapped_call_impl
[rank0]:     return self._call_impl(*args, **kwargs)
[rank0]:   File "/usr/local/lib/python3.10/dist-packages/torch/nn/modules/module.py", line 1541, in _call_impl
[rank0]:     return forward_call(*args, **kwargs)
[rank0]:   File "/usr/local/lib/python3.10/dist-packages/torch/nn/modules/activation.py", line 696, in forward
[rank0]:     return F.gelu(input, approximate=self.approximate)
[rank0]: torch.cuda.OutOfMemoryError: CUDA out of memory. Tried to allocate 1.22 GiB. GPU 0 has a total capacity of 79.15 GiB of which 1.13 GiB is free. Including non-PyTorch memory, this process has 76.42 GiB memory in use. Process 2010606 has 542.00 MiB memory in use. Process 2010608 has 542.00 MiB memory in use. Process 2010610 has 542.00 MiB memory in use. Of the allocated memory 74.62 GiB is allocated by PyTorch, and 201.16 MiB is reserved by PyTorch but unallocated. If reserved but unallocated memory is large try setting PYTORCH_CUDA_ALLOC_CONF=expandable_segments:True to avoid fragmentation.  See documentation for Memory Management  (https://pytorch.org/docs/stable/notes/cuda.html#environment-variables)
  0%|          | 0/1 [00:09<?, ?it/s]
srun: error: nid008496: task 0: Exited with exit code 1
srun: Terminating StepId=29899753.0
slurmstepd: error: *** STEP 29899753.0 ON nid008496 CANCELLED AT 2024-08-28T05:57:56 ***
srun: error: nid008496: tasks 1-3: Terminated
srun: Force Terminated StepId=29899753.0
